[31m2025-07-01 22:15:48 error: 2025-07-01 22:15:48[39m
[31m2025-07-01 22:15:48 error: 2025-07-01 22:15:48[39m
[31m2025-07-01 22:15:48 error: 2025-07-01 22:15:48[39m
[31m2025-07-01 22:15:48 error: 2025-07-01 22:15:48[39m
[31m2025-07-01 22:15:48 error: 2025-07-01 22:15:48[39m
[31m2025-07-01 22:15:48 error: 2025-07-01 22:15:48[39m
[31m2025-07-01 22:15:48 error: 2025-07-01 22:15:48[39m
[31m2025-07-01 22:15:48 error: 2025-07-01 22:15:48[39m
[31m2025-07-01 22:15:48 error: 2025-07-01 22:15:48[39m
[31m2025-07-01 22:15:48 error: 2025-07-01 22:15:48[39m
[31m2025-07-01 22:15:48 error: 2025-07-01 22:15:48[39m
[31m2025-07-01 22:15:48 error: 2025-07-01 22:15:48[39m
[31m2025-07-01 22:15:48 error: 2025-07-01 22:15:48[39m
[31m2025-07-01 22:15:48 error: 2025-07-01 22:15:48[39m
[31m2025-07-01 22:15:48 error: 2025-07-01 22:15:48[39m
[31m2025-07-01 22:15:48 error: 2025-07-01 22:15:48[39m
[31m2025-07-01 22:15:48 error: 2025-07-01 22:15:48[39m
[31m2025-07-01 22:15:48 error: 2025-07-01 22:15:48[39m
[31m2025-07-01 22:15:48 error: 2025-07-01 22:15:48[39m
[31m2025-07-01 22:15:48 error: 2025-07-01 22:15:48[39m
[31m2025-07-01 22:15:48 error: 2025-07-01 22:15:48[39m
[31m2025-07-01 22:15:48 error: 2025-07-01 22:15:48[39m
[31m2025-07-01 22:15:48 error: 2025-07-01 22:15:48[39m
[31m2025-07-01 22:15:48 error: 2025-07-01 22:15:48[39m
[31m2025-07-01 22:15:48 error: 2025-07-01 22:15:48[39m
[31m2025-07-01 22:15:48 error: 2025-07-01 22:15:48[39m
[31m2025-07-01 22:15:48 error: 2025-07-01 22:15:48[39m
[31m2025-07-01 22:15:48 error: 2025-07-01 22:15:48[39m
[31m2025-07-01 22:15:48 error: 2025-07-01 22:15:48[39m
[31m2025-07-01 22:15:48 error: 2025-07-01 22:15:48[39m
[31m2025-07-01 22:15:48 error: 2025-07-01 22:15:48[39m
[31m2025-07-01 22:15:48 error: 2025-07-01 22:15:48[39m
[31m2025-07-01 22:15:48 error: 2025-07-01 22:15:48[39m
[31m2025-07-01 22:15:48 error: 2025-07-01 22:15:48[39m
[31m2025-07-01 22:15:48 error: 2025-07-01 22:15:48[39m
[31m2025-07-01 22:15:48 error: 2025-07-01 22:15:48[39m
[31m2025-07-01 22:15:48 error: 2025-07-01 22:15:48[39m
[31m2025-07-01 22:15:48 error: 2025-07-01 22:15:48[39m
[31m2025-07-01 22:15:48 error: 2025-07-01 22:15:48[39m
[31m2025-07-01 22:15:48 error: 2025-07-01 22:15:48[39m
[31m2025-07-01 22:15:48 error: 2025-07-01 22:15:48[39m
[31m2025-07-01 22:15:48 error: 2025-07-01 22:15:48[39m
[31m2025-07-01 22:15:48 error: 2025-07-01 22:15:48[39m
[31m2025-07-01 22:15:48 error: 2025-07-01 22:15:48[39m
[31m2025-07-01 22:15:48 error: 2025-07-01 22:15:48[39m
[31m2025-07-01 22:15:48 error: 2025-07-01 22:15:48[39m
[31m2025-07-01 22:15:48 error: 2025-07-01 22:15:48[39m
[31m2025-07-01 22:15:48 error: 2025-07-01 22:15:48[39m
[31m2025-07-01 22:15:48 error: 2025-07-01 22:15:48[39m
[31m2025-07-01 22:15:48 error: 2025-07-01 22:15:48[39m
[31m2025-07-01 22:15:48 error: 2025-07-01 22:15:48[39m
[31m2025-07-01 22:15:48 error: 2025-07-01 22:15:48[39m
[31m2025-07-01 22:15:48 error: 2025-07-01 22:15:48[39m
[31m2025-07-01 22:15:48 error: 2025-07-01 22:15:48[39m
[31m2025-07-01 22:15:48 error: 2025-07-01 22:15:48[39m
[31m2025-07-01 22:15:48 error: 2025-07-01 22:15:48[39m
[31m2025-07-01 22:15:48 error: 2025-07-01 22:15:48[39m
[31m2025-07-01 22:15:48 error: 2025-07-01 22:15:48[39m
[31m2025-07-01 22:15:48 error: 2025-07-01 22:15:48[39m
[31m2025-07-01 22:15:48 error: 2025-07-01 22:15:48[39m
[31m2025-07-01 22:15:48 error: 2025-07-01 22:15:48[39m
[31m2025-07-01 22:15:48 error: 2025-07-01 22:15:48[39m
[31m2025-07-01 22:15:48 error: 2025-07-01 22:15:48[39m
[31m2025-07-01 22:15:48 error: 2025-07-01 22:15:48[39m
[31m2025-07-01 22:15:48 error: 2025-07-01 22:15:48[39m
[31m2025-07-01 22:15:48 error: 2025-07-01 22:15:48[39m
[31m2025-07-01 22:15:48 error: 2025-07-01 22:15:48[39m
[31m2025-07-01 22:15:48 error: 2025-07-01 22:15:48[39m
[31m2025-07-01 22:15:48 error: 2025-07-01 22:15:48[39m
[31m2025-07-01 22:15:48 error: 2025-07-01 22:15:48[39m
[31m2025-07-01 22:15:48 error: 2025-07-01 22:15:48[39m
[31m2025-07-01 22:15:48 error: 2025-07-01 22:15:48[39m
[31m2025-07-01 22:15:48 error: 2025-07-01 22:15:48[39m
[31m2025-07-01 22:15:48 error: 2025-07-01 22:15:48[39m
[31m2025-07-01 22:15:48 error: 2025-07-01 22:15:48[39m
[31m2025-07-01 22:15:48 error: 2025-07-01 22:15:48[39m
[31m2025-07-01 22:15:48 error: 2025-07-01 22:15:48[39m
[31m2025-07-01 22:15:48 error: 2025-07-01 22:15:48[39m
[31m2025-07-01 22:15:48 error: 2025-07-01 22:15:48[39m
[31m2025-07-01 22:15:48 error: 2025-07-01 22:15:48[39m
[31m2025-07-01 22:15:48 error: 2025-07-01 22:15:48[39m
[31m2025-07-01 22:15:48 error: 2025-07-01 22:15:48[39m
[31m2025-07-01 22:15:48 error: 2025-07-01 22:15:48[39m
[31m2025-07-01 22:15:48 error: 2025-07-01 22:15:48[39m
[31m2025-07-01 22:15:48 error: 2025-07-01 22:15:48[39m
[31m2025-07-01 22:15:48 error: 2025-07-01 22:15:48[39m
[31m2025-07-01 22:15:48 error: 2025-07-01 22:15:48[39m
[31m2025-07-01 22:15:48 error: 2025-07-01 22:15:48[39m
[31m2025-07-01 22:15:48 error: 2025-07-01 22:15:48[39m
[31m2025-07-01 22:15:48 error: 2025-07-01 22:15:48[39m
[31m2025-07-01 22:15:48 error: 2025-07-01 22:15:48[39m
[31m2025-07-01 22:15:48 error: 2025-07-01 22:15:48[39m
[31m2025-07-01 22:15:48 error: 2025-07-01 22:15:48[39m
[31m2025-07-01 22:15:48 error: 2025-07-01 22:15:48[39m
[31m2025-07-01 22:15:48 error: 2025-07-01 22:15:48[39m
[31m2025-07-01 22:15:48 error: 2025-07-01 22:15:48[39m
[31m2025-07-01 22:15:48 error: 2025-07-01 22:15:48[39m
[31m2025-07-01 22:15:48 error: 2025-07-01 22:15:48[39m
[31m2025-07-01 22:15:48 error: 2025-07-01 22:15:48[39m
[31m2025-07-01 22:15:48 error: 2025-07-01 22:15:48[39m
[31m2025-07-01 22:15:48 error: 2025-07-01 22:15:48[39m
[31m2025-07-01 22:15:48 error: 2025-07-01 22:15:48[39m
[31m2025-07-01 22:15:48 error: å¤„ç†åŒºå— #456 å¤±è´¥: disconnected from wss://rpc.3dpass.org: 1006:: Abnormal Closure[39m
[31m2025-07-01 22:15:48 error: å¤„ç†åŒºå— #469 å¤±è´¥: disconnected from wss://rpc.3dpass.org: 1006:: Abnormal Closure[39m
[31m2025-07-01 22:15:48 error: å¤„ç†åŒºå— #468 å¤±è´¥: disconnected from wss://rpc.3dpass.org: 1006:: Abnormal Closure[39m
[31m2025-07-01 22:15:48 error: å¤„ç†åŒºå— #465 å¤±è´¥: disconnected from wss://rpc.3dpass.org: 1006:: Abnormal Closure[39m
[31m2025-07-01 22:15:48 error: å¤„ç†åŒºå— #470 å¤±è´¥: disconnected from wss://rpc.3dpass.org: 1006:: Abnormal Closure[39m
[31m2025-07-01 22:15:48 error: å¤„ç†åŒºå— #454 å¤±è´¥: disconnected from wss://rpc.3dpass.org: 1006:: Abnormal Closure[39m
[31m2025-07-01 22:15:48 error: å¤„ç†åŒºå— #471 å¤±è´¥: disconnected from wss://rpc.3dpass.org: 1006:: Abnormal Closure[39m
[31m2025-07-01 22:15:48 error: å¤„ç†åŒºå— #475 å¤±è´¥: disconnected from wss://rpc.3dpass.org: 1006:: Abnormal Closure[39m
[31m2025-07-01 22:15:48 error: å¤„ç†åŒºå— #483 å¤±è´¥: disconnected from wss://rpc.3dpass.org: 1006:: Abnormal Closure[39m
[31m2025-07-01 22:15:48 error: å¤„ç†åŒºå— #473 å¤±è´¥: disconnected from wss://rpc.3dpass.org: 1006:: Abnormal Closure[39m
[31m2025-07-01 22:15:48 error: å¤„ç†åŒºå— #474 å¤±è´¥: disconnected from wss://rpc.3dpass.org: 1006:: Abnormal Closure[39m
[31m2025-07-01 22:15:48 error: å¤„ç†åŒºå— #479 å¤±è´¥: disconnected from wss://rpc.3dpass.org: 1006:: Abnormal Closure[39m
[31m2025-07-01 22:15:48 error: å¤„ç†åŒºå— #480 å¤±è´¥: disconnected from wss://rpc.3dpass.org: 1006:: Abnormal Closure[39m
[31m2025-07-01 22:15:48 error: å¤„ç†åŒºå— #476 å¤±è´¥: disconnected from wss://rpc.3dpass.org: 1006:: Abnormal Closure[39m
[31m2025-07-01 22:15:48 error: å¤„ç†åŒºå— #477 å¤±è´¥: disconnected from wss://rpc.3dpass.org: 1006:: Abnormal Closure[39m
[31m2025-07-01 22:15:48 error: å¤„ç†åŒºå— #472 å¤±è´¥: disconnected from wss://rpc.3dpass.org: 1006:: Abnormal Closure[39m
[31m2025-07-01 22:15:48 error: å¤„ç†åŒºå— #478 å¤±è´¥: disconnected from wss://rpc.3dpass.org: 1006:: Abnormal Closure[39m
[31m2025-07-01 22:15:48 error: å¤„ç†åŒºå— #481 å¤±è´¥: disconnected from wss://rpc.3dpass.org: 1006:: Abnormal Closure[39m
[31m2025-07-01 22:15:48 error: å¤„ç†åŒºå— #482 å¤±è´¥: disconnected from wss://rpc.3dpass.org: 1006:: Abnormal Closure[39m
[31m2025-07-01 22:15:48 error: å¤„ç†åŒºå— #487 å¤±è´¥: disconnected from wss://rpc.3dpass.org: 1006:: Abnormal Closure[39m
[31m2025-07-01 22:15:48 error: å¤„ç†åŒºå— #486 å¤±è´¥: disconnected from wss://rpc.3dpass.org: 1006:: Abnormal Closure[39m
[31m2025-07-01 22:15:48 error: å¤„ç†åŒºå— #485 å¤±è´¥: disconnected from wss://rpc.3dpass.org: 1006:: Abnormal Closure[39m
[31m2025-07-01 22:15:48 error: å¤„ç†åŒºå— #494 å¤±è´¥: disconnected from wss://rpc.3dpass.org: 1006:: Abnormal Closure[39m
[31m2025-07-01 22:15:48 error: å¤„ç†åŒºå— #488 å¤±è´¥: disconnected from wss://rpc.3dpass.org: 1006:: Abnormal Closure[39m
[31m2025-07-01 22:15:48 error: å¤„ç†åŒºå— #489 å¤±è´¥: disconnected from wss://rpc.3dpass.org: 1006:: Abnormal Closure[39m
[31m2025-07-01 22:15:48 error: å¤„ç†åŒºå— #492 å¤±è´¥: disconnected from wss://rpc.3dpass.org: 1006:: Abnormal Closure[39m
[31m2025-07-01 22:15:48 error: å¤„ç†åŒºå— #491 å¤±è´¥: disconnected from wss://rpc.3dpass.org: 1006:: Abnormal Closure[39m
[31m2025-07-01 22:15:48 error: å¤„ç†åŒºå— #496 å¤±è´¥: disconnected from wss://rpc.3dpass.org: 1006:: Abnormal Closure[39m
[31m2025-07-01 22:15:48 error: å¤„ç†åŒºå— #493 å¤±è´¥: disconnected from wss://rpc.3dpass.org: 1006:: Abnormal Closure[39m
[31m2025-07-01 22:15:48 error: å¤„ç†åŒºå— #495 å¤±è´¥: disconnected from wss://rpc.3dpass.org: 1006:: Abnormal Closure[39m
[31m2025-07-01 22:15:48 error: å¤„ç†åŒºå— #497 å¤±è´¥: disconnected from wss://rpc.3dpass.org: 1006:: Abnormal Closure[39m
[31m2025-07-01 22:15:48 error: å¤„ç†åŒºå— #490 å¤±è´¥: disconnected from wss://rpc.3dpass.org: 1006:: Abnormal Closure[39m
[31m2025-07-01 22:15:48 error: å¤„ç†åŒºå— #499 å¤±è´¥: disconnected from wss://rpc.3dpass.org: 1006:: Abnormal Closure[39m
[31m2025-07-01 22:15:48 error: å¤„ç†åŒºå— #500 å¤±è´¥: disconnected from wss://rpc.3dpass.org: 1006:: Abnormal Closure[39m
[31m2025-07-01 22:15:48 error: å¤„ç†åŒºå— #498 å¤±è´¥: disconnected from wss://rpc.3dpass.org: 1006:: Abnormal Closure[39m
[31m2025-07-01 22:15:48 error: å¤„ç†åŒºå— #451 å¤±è´¥: disconnected from wss://rpc.3dpass.org: 1006:: Abnormal Closure[39m
[31m2025-07-01 22:15:48 error: å¤„ç†åŒºå— #455 å¤±è´¥: disconnected from wss://rpc.3dpass.org: 1006:: Abnormal Closure[39m
[31m2025-07-01 22:15:48 error: å¤„ç†åŒºå— #452 å¤±è´¥: disconnected from wss://rpc.3dpass.org: 1006:: Abnormal Closure[39m
[31m2025-07-01 22:15:48 error: å¤„ç†åŒºå— #484 å¤±è´¥: disconnected from wss://rpc.3dpass.org: 1006:: Abnormal Closure[39m
[31m2025-07-01 22:15:48 error: å¤„ç†åŒºå— #457 å¤±è´¥: disconnected from wss://rpc.3dpass.org: 1006:: Abnormal Closure[39m
[31m2025-07-01 22:15:48 error: å¤„ç†åŒºå— #453 å¤±è´¥: disconnected from wss://rpc.3dpass.org: 1006:: Abnormal Closure[39m
[31m2025-07-01 22:15:48 error: å¤„ç†åŒºå— #461 å¤±è´¥: disconnected from wss://rpc.3dpass.org: 1006:: Abnormal Closure[39m
[31m2025-07-01 22:15:48 error: å¤„ç†åŒºå— #459 å¤±è´¥: disconnected from wss://rpc.3dpass.org: 1006:: Abnormal Closure[39m
[31m2025-07-01 22:15:48 error: å¤„ç†åŒºå— #458 å¤±è´¥: disconnected from wss://rpc.3dpass.org: 1006:: Abnormal Closure[39m
[31m2025-07-01 22:15:48 error: å¤„ç†åŒºå— #460 å¤±è´¥: disconnected from wss://rpc.3dpass.org: 1006:: Abnormal Closure[39m
[31m2025-07-01 22:15:48 error: å¤„ç†åŒºå— #462 å¤±è´¥: disconnected from wss://rpc.3dpass.org: 1006:: Abnormal Closure[39m
[31m2025-07-01 22:15:48 error: å¤„ç†åŒºå— #466 å¤±è´¥: disconnected from wss://rpc.3dpass.org: 1006:: Abnormal Closure[39m
[31m2025-07-01 22:15:48 error: å¤„ç†åŒºå— #463 å¤±è´¥: disconnected from wss://rpc.3dpass.org: 1006:: Abnormal Closure[39m
[31m2025-07-01 22:15:48 error: å¤„ç†åŒºå— #464 å¤±è´¥: disconnected from wss://rpc.3dpass.org: 1006:: Abnormal Closure[39m
[31m2025-07-01 22:15:48 error: å¤„ç†åŒºå— #467 å¤±è´¥: disconnected from wss://rpc.3dpass.org: 1006:: Abnormal Closure[39m
[31m2025-07-01 22:15:49 error: 2025-07-01 22:15:49[39m
[31m2025-07-01 22:15:49 error: 2025-07-01 22:15:49[39m
[31m2025-07-01 22:15:49 error: 2025-07-01 22:15:49[39m
[31m2025-07-01 22:15:49 error: 2025-07-01 22:15:49[39m
[31m2025-07-01 22:15:49 error: 2025-07-01 22:15:49[39m
[31m2025-07-01 22:15:49 error: 2025-07-01 22:15:49[39m
[31m2025-07-01 22:15:49 error: 2025-07-01 22:15:49[39m
[31m2025-07-01 22:15:49 error: 2025-07-01 22:15:49[39m
[31m2025-07-01 22:15:49 error: 2025-07-01 22:15:49[39m
[31m2025-07-01 22:15:49 error: 2025-07-01 22:15:49[39m
[31m2025-07-01 22:15:49 error: 2025-07-01 22:15:49[39m
[31m2025-07-01 22:15:49 error: 2025-07-01 22:15:49[39m
[31m2025-07-01 22:15:49 error: 2025-07-01 22:15:49[39m
[31m2025-07-01 22:15:49 error: 2025-07-01 22:15:49[39m
[31m2025-07-01 22:15:49 error: 2025-07-01 22:15:49[39m
[31m2025-07-01 22:15:49 error: 2025-07-01 22:15:49[39m
[31m2025-07-01 22:15:49 error: 2025-07-01 22:15:49[39m
[31m2025-07-01 22:15:49 error: 2025-07-01 22:15:49[39m
[31m2025-07-01 22:15:49 error: 2025-07-01 22:15:49[39m
[31m2025-07-01 22:15:49 error: 2025-07-01 22:15:49[39m
[31m2025-07-01 22:15:49 error: 2025-07-01 22:15:49[39m
[31m2025-07-01 22:15:49 error: 2025-07-01 22:15:49[39m
[31m2025-07-01 22:15:49 error: 2025-07-01 22:15:49[39m
[31m2025-07-01 22:15:49 error: 2025-07-01 22:15:49[39m
[31m2025-07-01 22:15:49 error: 2025-07-01 22:15:49[39m
[31m2025-07-01 22:15:49 error: 2025-07-01 22:15:49[39m
[31m2025-07-01 22:15:49 error: 2025-07-01 22:15:49[39m
[31m2025-07-01 22:15:49 error: 2025-07-01 22:15:49[39m
[31m2025-07-01 22:15:49 error: 2025-07-01 22:15:49[39m
[31m2025-07-01 22:15:49 error: 2025-07-01 22:15:49[39m
[31m2025-07-01 22:15:49 error: 2025-07-01 22:15:49[39m
[31m2025-07-01 22:15:49 error: 2025-07-01 22:15:49[39m
[31m2025-07-01 22:15:49 error: 2025-07-01 22:15:49[39m
[31m2025-07-01 22:15:49 error: 2025-07-01 22:15:49[39m
[31m2025-07-01 22:15:49 error: 2025-07-01 22:15:49[39m
[31m2025-07-01 22:15:49 error: 2025-07-01 22:15:49[39m
[31m2025-07-01 22:15:49 error: 2025-07-01 22:15:49[39m
[31m2025-07-01 22:15:49 error: 2025-07-01 22:15:49[39m
[31m2025-07-01 22:15:49 error: 2025-07-01 22:15:49[39m
[31m2025-07-01 22:15:49 error: 2025-07-01 22:15:49[39m
[31m2025-07-01 22:15:49 error: 2025-07-01 22:15:49[39m
[31m2025-07-01 22:15:49 error: 2025-07-01 22:15:49[39m
[31m2025-07-01 22:15:49 error: 2025-07-01 22:15:49[39m
[31m2025-07-01 22:15:49 error: 2025-07-01 22:15:49[39m
[31m2025-07-01 22:15:49 error: 2025-07-01 22:15:49[39m
[31m2025-07-01 22:15:49 error: 2025-07-01 22:15:49[39m
[31m2025-07-01 22:15:49 error: 2025-07-01 22:15:49[39m
[31m2025-07-01 22:15:49 error: 2025-07-01 22:15:49[39m
[31m2025-07-01 22:15:49 error: 2025-07-01 22:15:49[39m
[31m2025-07-01 22:15:49 error: 2025-07-01 22:15:49[39m
[31m2025-07-01 22:15:49 error: å¤„ç†åŒºå— #501 å¤±è´¥: WebSocket is not connected[39m
[31m2025-07-01 22:15:49 error: å¤„ç†åŒºå— #502 å¤±è´¥: WebSocket is not connected[39m
[31m2025-07-01 22:15:49 error: å¤„ç†åŒºå— #503 å¤±è´¥: WebSocket is not connected[39m
[31m2025-07-01 22:15:49 error: å¤„ç†åŒºå— #504 å¤±è´¥: WebSocket is not connected[39m
[31m2025-07-01 22:15:49 error: å¤„ç†åŒºå— #505 å¤±è´¥: WebSocket is not connected[39m
[31m2025-07-01 22:15:49 error: å¤„ç†åŒºå— #506 å¤±è´¥: WebSocket is not connected[39m
[31m2025-07-01 22:15:49 error: å¤„ç†åŒºå— #507 å¤±è´¥: WebSocket is not connected[39m
[31m2025-07-01 22:15:49 error: å¤„ç†åŒºå— #508 å¤±è´¥: WebSocket is not connected[39m
[31m2025-07-01 22:15:49 error: å¤„ç†åŒºå— #509 å¤±è´¥: WebSocket is not connected[39m
[31m2025-07-01 22:15:49 error: å¤„ç†åŒºå— #510 å¤±è´¥: WebSocket is not connected[39m
[31m2025-07-01 22:15:49 error: å¤„ç†åŒºå— #511 å¤±è´¥: WebSocket is not connected[39m
[31m2025-07-01 22:15:49 error: å¤„ç†åŒºå— #512 å¤±è´¥: WebSocket is not connected[39m
[31m2025-07-01 22:15:49 error: å¤„ç†åŒºå— #513 å¤±è´¥: WebSocket is not connected[39m
[31m2025-07-01 22:15:49 error: å¤„ç†åŒºå— #514 å¤±è´¥: WebSocket is not connected[39m
[31m2025-07-01 22:15:49 error: å¤„ç†åŒºå— #515 å¤±è´¥: WebSocket is not connected[39m
[31m2025-07-01 22:15:49 error: å¤„ç†åŒºå— #516 å¤±è´¥: WebSocket is not connected[39m
[31m2025-07-01 22:15:49 error: å¤„ç†åŒºå— #517 å¤±è´¥: WebSocket is not connected[39m
[31m2025-07-01 22:15:49 error: å¤„ç†åŒºå— #518 å¤±è´¥: WebSocket is not connected[39m
[31m2025-07-01 22:15:49 error: å¤„ç†åŒºå— #519 å¤±è´¥: WebSocket is not connected[39m
[31m2025-07-01 22:15:49 error: å¤„ç†åŒºå— #520 å¤±è´¥: WebSocket is not connected[39m
[31m2025-07-01 22:15:49 error: å¤„ç†åŒºå— #521 å¤±è´¥: WebSocket is not connected[39m
[31m2025-07-01 22:15:49 error: å¤„ç†åŒºå— #522 å¤±è´¥: WebSocket is not connected[39m
[31m2025-07-01 22:15:49 error: å¤„ç†åŒºå— #523 å¤±è´¥: WebSocket is not connected[39m
[31m2025-07-01 22:15:49 error: å¤„ç†åŒºå— #524 å¤±è´¥: WebSocket is not connected[39m
[31m2025-07-01 22:15:49 error: å¤„ç†åŒºå— #525 å¤±è´¥: WebSocket is not connected[39m
[31m2025-07-01 22:15:49 error: å¤„ç†åŒºå— #526 å¤±è´¥: WebSocket is not connected[39m
[31m2025-07-01 22:15:49 error: å¤„ç†åŒºå— #527 å¤±è´¥: WebSocket is not connected[39m
[31m2025-07-01 22:15:49 error: å¤„ç†åŒºå— #528 å¤±è´¥: WebSocket is not connected[39m
[31m2025-07-01 22:15:49 error: å¤„ç†åŒºå— #529 å¤±è´¥: WebSocket is not connected[39m
[31m2025-07-01 22:15:49 error: å¤„ç†åŒºå— #530 å¤±è´¥: WebSocket is not connected[39m
[31m2025-07-01 22:15:49 error: å¤„ç†åŒºå— #531 å¤±è´¥: WebSocket is not connected[39m
[31m2025-07-01 22:15:49 error: å¤„ç†åŒºå— #532 å¤±è´¥: WebSocket is not connected[39m
[31m2025-07-01 22:15:49 error: å¤„ç†åŒºå— #533 å¤±è´¥: WebSocket is not connected[39m
[31m2025-07-01 22:15:49 error: å¤„ç†åŒºå— #534 å¤±è´¥: WebSocket is not connected[39m
[31m2025-07-01 22:15:49 error: å¤„ç†åŒºå— #535 å¤±è´¥: WebSocket is not connected[39m
[31m2025-07-01 22:15:49 error: å¤„ç†åŒºå— #536 å¤±è´¥: WebSocket is not connected[39m
[31m2025-07-01 22:15:49 error: å¤„ç†åŒºå— #537 å¤±è´¥: WebSocket is not connected[39m
[31m2025-07-01 22:15:49 error: å¤„ç†åŒºå— #538 å¤±è´¥: WebSocket is not connected[39m
[31m2025-07-01 22:15:49 error: å¤„ç†åŒºå— #539 å¤±è´¥: WebSocket is not connected[39m
[31m2025-07-01 22:15:49 error: å¤„ç†åŒºå— #540 å¤±è´¥: WebSocket is not connected[39m
[31m2025-07-01 22:15:49 error: å¤„ç†åŒºå— #541 å¤±è´¥: WebSocket is not connected[39m
[31m2025-07-01 22:15:49 error: å¤„ç†åŒºå— #542 å¤±è´¥: WebSocket is not connected[39m
[31m2025-07-01 22:15:49 error: å¤„ç†åŒºå— #543 å¤±è´¥: WebSocket is not connected[39m
[31m2025-07-01 22:15:49 error: å¤„ç†åŒºå— #544 å¤±è´¥: WebSocket is not connected[39m
[31m2025-07-01 22:15:49 error: å¤„ç†åŒºå— #545 å¤±è´¥: WebSocket is not connected[39m
[31m2025-07-01 22:15:49 error: å¤„ç†åŒºå— #546 å¤±è´¥: WebSocket is not connected[39m
[31m2025-07-01 22:15:49 error: å¤„ç†åŒºå— #547 å¤±è´¥: WebSocket is not connected[39m
[31m2025-07-01 22:15:49 error: å¤„ç†åŒºå— #548 å¤±è´¥: WebSocket is not connected[39m
[31m2025-07-01 22:15:49 error: å¤„ç†åŒºå— #549 å¤±è´¥: WebSocket is not connected[39m
[31m2025-07-01 22:15:49 error: å¤„ç†åŒºå— #550 å¤±è´¥: WebSocket is not connected[39m
[31m2025-07-01 22:15:50 error: 2025-07-01 22:15:50[39m
[31m2025-07-01 22:15:50 error: 2025-07-01 22:15:50[39m
[31m2025-07-01 22:15:50 error: 2025-07-01 22:15:50[39m
[31m2025-07-01 22:15:50 error: 2025-07-01 22:15:50[39m
[31m2025-07-01 22:15:50 error: 2025-07-01 22:15:50[39m
[31m2025-07-01 22:15:50 error: 2025-07-01 22:15:50[39m
[31m2025-07-01 22:15:50 error: 2025-07-01 22:15:50[39m
[31m2025-07-01 22:15:50 error: 2025-07-01 22:15:50[39m
[31m2025-07-01 22:15:50 error: 2025-07-01 22:15:50[39m
[31m2025-07-01 22:15:50 error: 2025-07-01 22:15:50[39m
[31m2025-07-01 22:15:50 error: 2025-07-01 22:15:50[39m
[31m2025-07-01 22:15:50 error: 2025-07-01 22:15:50[39m
[31m2025-07-01 22:15:50 error: 2025-07-01 22:15:50[39m
[31m2025-07-01 22:15:50 error: 2025-07-01 22:15:50[39m
[31m2025-07-01 22:15:50 error: 2025-07-01 22:15:50[39m
[31m2025-07-01 22:15:50 error: 2025-07-01 22:15:50[39m
[31m2025-07-01 22:15:50 error: 2025-07-01 22:15:50[39m
[31m2025-07-01 22:15:50 error: 2025-07-01 22:15:50[39m
[31m2025-07-01 22:15:50 error: 2025-07-01 22:15:50[39m
[31m2025-07-01 22:15:50 error: 2025-07-01 22:15:50[39m
[31m2025-07-01 22:15:50 error: 2025-07-01 22:15:50[39m
[31m2025-07-01 22:15:50 error: 2025-07-01 22:15:50[39m
[31m2025-07-01 22:15:50 error: 2025-07-01 22:15:50[39m
[31m2025-07-01 22:15:50 error: 2025-07-01 22:15:50[39m
[31m2025-07-01 22:15:50 error: 2025-07-01 22:15:50[39m
[31m2025-07-01 22:15:50 error: 2025-07-01 22:15:50[39m
[31m2025-07-01 22:15:50 error: 2025-07-01 22:15:50[39m
[31m2025-07-01 22:15:50 error: 2025-07-01 22:15:50[39m
[31m2025-07-01 22:15:50 error: 2025-07-01 22:15:50[39m
[31m2025-07-01 22:15:50 error: 2025-07-01 22:15:50[39m
[31m2025-07-01 22:15:50 error: 2025-07-01 22:15:50[39m
[31m2025-07-01 22:15:50 error: 2025-07-01 22:15:50[39m
[31m2025-07-01 22:15:50 error: 2025-07-01 22:15:50[39m
[31m2025-07-01 22:15:50 error: 2025-07-01 22:15:50[39m
[31m2025-07-01 22:15:50 error: 2025-07-01 22:15:50[39m
[31m2025-07-01 22:15:50 error: 2025-07-01 22:15:50[39m
[31m2025-07-01 22:15:50 error: 2025-07-01 22:15:50[39m
[31m2025-07-01 22:15:50 error: 2025-07-01 22:15:50[39m
[31m2025-07-01 22:15:50 error: 2025-07-01 22:15:50[39m
[31m2025-07-01 22:15:50 error: 2025-07-01 22:15:50[39m
[31m2025-07-01 22:15:50 error: 2025-07-01 22:15:50[39m
[31m2025-07-01 22:15:50 error: 2025-07-01 22:15:50[39m
[31m2025-07-01 22:15:50 error: 2025-07-01 22:15:50[39m
[31m2025-07-01 22:15:50 error: 2025-07-01 22:15:50[39m
[31m2025-07-01 22:15:50 error: 2025-07-01 22:15:50[39m
[31m2025-07-01 22:15:50 error: 2025-07-01 22:15:50[39m
[31m2025-07-01 22:15:50 error: 2025-07-01 22:15:50[39m
[31m2025-07-01 22:15:50 error: 2025-07-01 22:15:50[39m
[31m2025-07-01 22:15:50 error: 2025-07-01 22:15:50[39m
[31m2025-07-01 22:15:50 error: 2025-07-01 22:15:50[39m
[31m2025-07-01 22:15:50 error: å¤„ç†åŒºå— #551 å¤±è´¥: WebSocket is not connected[39m
[31m2025-07-01 22:15:50 error: å¤„ç†åŒºå— #552 å¤±è´¥: WebSocket is not connected[39m
[31m2025-07-01 22:15:50 error: å¤„ç†åŒºå— #553 å¤±è´¥: WebSocket is not connected[39m
[31m2025-07-01 22:15:50 error: å¤„ç†åŒºå— #554 å¤±è´¥: WebSocket is not connected[39m
[31m2025-07-01 22:15:50 error: å¤„ç†åŒºå— #555 å¤±è´¥: WebSocket is not connected[39m
[31m2025-07-01 22:15:50 error: å¤„ç†åŒºå— #556 å¤±è´¥: WebSocket is not connected[39m
[31m2025-07-01 22:15:50 error: å¤„ç†åŒºå— #557 å¤±è´¥: WebSocket is not connected[39m
[31m2025-07-01 22:15:50 error: å¤„ç†åŒºå— #558 å¤±è´¥: WebSocket is not connected[39m
[31m2025-07-01 22:15:50 error: å¤„ç†åŒºå— #559 å¤±è´¥: WebSocket is not connected[39m
[31m2025-07-01 22:15:50 error: å¤„ç†åŒºå— #560 å¤±è´¥: WebSocket is not connected[39m
[31m2025-07-01 22:15:50 error: å¤„ç†åŒºå— #561 å¤±è´¥: WebSocket is not connected[39m
[31m2025-07-01 22:15:50 error: å¤„ç†åŒºå— #562 å¤±è´¥: WebSocket is not connected[39m
[31m2025-07-01 22:15:50 error: å¤„ç†åŒºå— #563 å¤±è´¥: WebSocket is not connected[39m
[31m2025-07-01 22:15:50 error: å¤„ç†åŒºå— #564 å¤±è´¥: WebSocket is not connected[39m
[31m2025-07-01 22:15:50 error: å¤„ç†åŒºå— #565 å¤±è´¥: WebSocket is not connected[39m
[31m2025-07-01 22:15:50 error: å¤„ç†åŒºå— #566 å¤±è´¥: WebSocket is not connected[39m
[31m2025-07-01 22:15:50 error: å¤„ç†åŒºå— #567 å¤±è´¥: WebSocket is not connected[39m
[31m2025-07-01 22:15:50 error: å¤„ç†åŒºå— #568 å¤±è´¥: WebSocket is not connected[39m
[31m2025-07-01 22:15:50 error: å¤„ç†åŒºå— #569 å¤±è´¥: WebSocket is not connected[39m
[31m2025-07-01 22:15:50 error: å¤„ç†åŒºå— #570 å¤±è´¥: WebSocket is not connected[39m
[31m2025-07-01 22:15:50 error: å¤„ç†åŒºå— #571 å¤±è´¥: WebSocket is not connected[39m
[31m2025-07-01 22:15:50 error: å¤„ç†åŒºå— #572 å¤±è´¥: WebSocket is not connected[39m
[31m2025-07-01 22:15:50 error: å¤„ç†åŒºå— #573 å¤±è´¥: WebSocket is not connected[39m
[31m2025-07-01 22:15:50 error: å¤„ç†åŒºå— #574 å¤±è´¥: WebSocket is not connected[39m
[31m2025-07-01 22:15:50 error: å¤„ç†åŒºå— #575 å¤±è´¥: WebSocket is not connected[39m
[31m2025-07-01 22:15:50 error: å¤„ç†åŒºå— #576 å¤±è´¥: WebSocket is not connected[39m
[31m2025-07-01 22:15:50 error: å¤„ç†åŒºå— #577 å¤±è´¥: WebSocket is not connected[39m
[31m2025-07-01 22:15:50 error: å¤„ç†åŒºå— #578 å¤±è´¥: WebSocket is not connected[39m
[31m2025-07-01 22:15:50 error: å¤„ç†åŒºå— #579 å¤±è´¥: WebSocket is not connected[39m
[31m2025-07-01 22:15:50 error: å¤„ç†åŒºå— #580 å¤±è´¥: WebSocket is not connected[39m
[31m2025-07-01 22:15:50 error: å¤„ç†åŒºå— #581 å¤±è´¥: WebSocket is not connected[39m
[31m2025-07-01 22:15:50 error: å¤„ç†åŒºå— #582 å¤±è´¥: WebSocket is not connected[39m
[31m2025-07-01 22:15:50 error: å¤„ç†åŒºå— #583 å¤±è´¥: WebSocket is not connected[39m
[31m2025-07-01 22:15:50 error: å¤„ç†åŒºå— #584 å¤±è´¥: WebSocket is not connected[39m
[31m2025-07-01 22:15:50 error: å¤„ç†åŒºå— #585 å¤±è´¥: WebSocket is not connected[39m
[31m2025-07-01 22:15:50 error: å¤„ç†åŒºå— #586 å¤±è´¥: WebSocket is not connected[39m
[31m2025-07-01 22:15:50 error: å¤„ç†åŒºå— #587 å¤±è´¥: WebSocket is not connected[39m
[31m2025-07-01 22:15:50 error: å¤„ç†åŒºå— #588 å¤±è´¥: WebSocket is not connected[39m
[31m2025-07-01 22:15:50 error: å¤„ç†åŒºå— #589 å¤±è´¥: WebSocket is not connected[39m
[31m2025-07-01 22:15:50 error: å¤„ç†åŒºå— #590 å¤±è´¥: WebSocket is not connected[39m
[31m2025-07-01 22:15:50 error: å¤„ç†åŒºå— #591 å¤±è´¥: WebSocket is not connected[39m
[31m2025-07-01 22:15:50 error: å¤„ç†åŒºå— #592 å¤±è´¥: WebSocket is not connected[39m
[31m2025-07-01 22:15:50 error: å¤„ç†åŒºå— #593 å¤±è´¥: WebSocket is not connected[39m
[31m2025-07-01 22:15:50 error: å¤„ç†åŒºå— #594 å¤±è´¥: WebSocket is not connected[39m
[31m2025-07-01 22:15:50 error: å¤„ç†åŒºå— #595 å¤±è´¥: WebSocket is not connected[39m
[31m2025-07-01 22:15:50 error: å¤„ç†åŒºå— #596 å¤±è´¥: WebSocket is not connected[39m
[31m2025-07-01 22:15:50 error: å¤„ç†åŒºå— #597 å¤±è´¥: WebSocket is not connected[39m
[31m2025-07-01 22:15:50 error: å¤„ç†åŒºå— #598 å¤±è´¥: WebSocket is not connected[39m
[31m2025-07-01 22:15:50 error: å¤„ç†åŒºå— #599 å¤±è´¥: WebSocket is not connected[39m
[31m2025-07-01 22:15:50 error: å¤„ç†åŒºå— #600 å¤±è´¥: WebSocket is not connected[39m
[31m2025-07-01 22:15:51 error: 2025-07-01 22:15:51[39m
[31m2025-07-01 22:15:51 error: 2025-07-01 22:15:51[39m
[31m2025-07-01 22:15:51 error: 2025-07-01 22:15:51[39m
[31m2025-07-01 22:15:51 error: 2025-07-01 22:15:51[39m
[31m2025-07-01 22:15:51 error: 2025-07-01 22:15:51[39m
[31m2025-07-01 22:15:51 error: 2025-07-01 22:15:51[39m
[31m2025-07-01 22:15:51 error: 2025-07-01 22:15:51[39m
[31m2025-07-01 22:15:51 error: 2025-07-01 22:15:51[39m
[31m2025-07-01 22:15:51 error: 2025-07-01 22:15:51[39m
[31m2025-07-01 22:15:51 error: 2025-07-01 22:15:51[39m
[31m2025-07-01 22:15:51 error: 2025-07-01 22:15:51[39m
[31m2025-07-01 22:15:51 error: 2025-07-01 22:15:51[39m
[31m2025-07-01 22:15:51 error: 2025-07-01 22:15:51[39m
[31m2025-07-01 22:15:51 error: 2025-07-01 22:15:51[39m
[31m2025-07-01 22:15:51 error: 2025-07-01 22:15:51[39m
[31m2025-07-01 22:15:51 error: 2025-07-01 22:15:51[39m
[31m2025-07-01 22:15:51 error: 2025-07-01 22:15:51[39m
[31m2025-07-01 22:15:51 error: 2025-07-01 22:15:51[39m
[31m2025-07-01 22:15:51 error: 2025-07-01 22:15:51[39m
[31m2025-07-01 22:15:51 error: 2025-07-01 22:15:51[39m
[31m2025-07-01 22:15:51 error: 2025-07-01 22:15:51[39m
[31m2025-07-01 22:15:51 error: 2025-07-01 22:15:51[39m
[31m2025-07-01 22:15:51 error: 2025-07-01 22:15:51[39m
[31m2025-07-01 22:15:51 error: 2025-07-01 22:15:51[39m
[31m2025-07-01 22:15:51 error: 2025-07-01 22:15:51[39m
[31m2025-07-01 22:15:51 error: 2025-07-01 22:15:51[39m
[31m2025-07-01 22:15:51 error: 2025-07-01 22:15:51[39m
[31m2025-07-01 22:15:51 error: 2025-07-01 22:15:51[39m
[31m2025-07-01 22:15:51 error: 2025-07-01 22:15:51[39m
[31m2025-07-01 22:15:51 error: 2025-07-01 22:15:51[39m
[31m2025-07-01 22:15:51 error: 2025-07-01 22:15:51[39m
[31m2025-07-01 22:15:51 error: 2025-07-01 22:15:51[39m
[31m2025-07-01 22:15:51 error: 2025-07-01 22:15:51[39m
[31m2025-07-01 22:15:51 error: 2025-07-01 22:15:51[39m
[31m2025-07-01 22:15:51 error: 2025-07-01 22:15:51[39m
[31m2025-07-01 22:15:51 error: 2025-07-01 22:15:51[39m
[31m2025-07-01 22:15:51 error: 2025-07-01 22:15:51[39m
[31m2025-07-01 22:15:51 error: 2025-07-01 22:15:51[39m
[31m2025-07-01 22:15:51 error: 2025-07-01 22:15:51[39m
[31m2025-07-01 22:15:51 error: 2025-07-01 22:15:51[39m
[31m2025-07-01 22:15:51 error: 2025-07-01 22:15:51[39m
[31m2025-07-01 22:15:51 error: 2025-07-01 22:15:51[39m
[31m2025-07-01 22:15:51 error: 2025-07-01 22:15:51[39m
[31m2025-07-01 22:15:51 error: 2025-07-01 22:15:51[39m
[31m2025-07-01 22:15:51 error: 2025-07-01 22:15:51[39m
[31m2025-07-01 22:15:51 error: 2025-07-01 22:15:51[39m
[31m2025-07-01 22:15:51 error: 2025-07-01 22:15:51[39m
[31m2025-07-01 22:15:51 error: 2025-07-01 22:15:51[39m
[31m2025-07-01 22:15:51 error: 2025-07-01 22:15:51[39m
[31m2025-07-01 22:15:51 error: 2025-07-01 22:15:51[39m
[31m2025-07-01 22:15:51 error: å¤„ç†åŒºå— #601 å¤±è´¥: WebSocket is not connected[39m
[31m2025-07-01 22:15:51 error: å¤„ç†åŒºå— #602 å¤±è´¥: WebSocket is not connected[39m
[31m2025-07-01 22:15:51 error: å¤„ç†åŒºå— #603 å¤±è´¥: WebSocket is not connected[39m
[31m2025-07-01 22:15:51 error: å¤„ç†åŒºå— #604 å¤±è´¥: WebSocket is not connected[39m
[31m2025-07-01 22:15:51 error: å¤„ç†åŒºå— #605 å¤±è´¥: WebSocket is not connected[39m
[31m2025-07-01 22:15:51 error: å¤„ç†åŒºå— #606 å¤±è´¥: WebSocket is not connected[39m
[31m2025-07-01 22:15:51 error: å¤„ç†åŒºå— #607 å¤±è´¥: WebSocket is not connected[39m
[31m2025-07-01 22:15:51 error: å¤„ç†åŒºå— #608 å¤±è´¥: WebSocket is not connected[39m
[31m2025-07-01 22:15:51 error: å¤„ç†åŒºå— #609 å¤±è´¥: WebSocket is not connected[39m
[31m2025-07-01 22:15:51 error: å¤„ç†åŒºå— #610 å¤±è´¥: WebSocket is not connected[39m
[31m2025-07-01 22:15:51 error: å¤„ç†åŒºå— #611 å¤±è´¥: WebSocket is not connected[39m
[31m2025-07-01 22:15:51 error: å¤„ç†åŒºå— #612 å¤±è´¥: WebSocket is not connected[39m
[31m2025-07-01 22:15:51 error: å¤„ç†åŒºå— #613 å¤±è´¥: WebSocket is not connected[39m
[31m2025-07-01 22:15:51 error: å¤„ç†åŒºå— #614 å¤±è´¥: WebSocket is not connected[39m
[31m2025-07-01 22:15:51 error: å¤„ç†åŒºå— #615 å¤±è´¥: WebSocket is not connected[39m
[31m2025-07-01 22:15:51 error: å¤„ç†åŒºå— #616 å¤±è´¥: WebSocket is not connected[39m
[31m2025-07-01 22:15:51 error: å¤„ç†åŒºå— #617 å¤±è´¥: WebSocket is not connected[39m
[31m2025-07-01 22:15:51 error: å¤„ç†åŒºå— #618 å¤±è´¥: WebSocket is not connected[39m
[31m2025-07-01 22:15:51 error: å¤„ç†åŒºå— #619 å¤±è´¥: WebSocket is not connected[39m
[31m2025-07-01 22:15:51 error: å¤„ç†åŒºå— #620 å¤±è´¥: WebSocket is not connected[39m
[31m2025-07-01 22:15:51 error: å¤„ç†åŒºå— #621 å¤±è´¥: WebSocket is not connected[39m
[31m2025-07-01 22:15:51 error: å¤„ç†åŒºå— #622 å¤±è´¥: WebSocket is not connected[39m
[31m2025-07-01 22:15:51 error: å¤„ç†åŒºå— #623 å¤±è´¥: WebSocket is not connected[39m
[31m2025-07-01 22:15:51 error: å¤„ç†åŒºå— #624 å¤±è´¥: WebSocket is not connected[39m
[31m2025-07-01 22:15:51 error: å¤„ç†åŒºå— #625 å¤±è´¥: WebSocket is not connected[39m
[31m2025-07-01 22:15:51 error: å¤„ç†åŒºå— #626 å¤±è´¥: WebSocket is not connected[39m
[31m2025-07-01 22:15:51 error: å¤„ç†åŒºå— #627 å¤±è´¥: WebSocket is not connected[39m
[31m2025-07-01 22:15:51 error: å¤„ç†åŒºå— #628 å¤±è´¥: WebSocket is not connected[39m
[31m2025-07-01 22:15:51 error: å¤„ç†åŒºå— #629 å¤±è´¥: WebSocket is not connected[39m
[31m2025-07-01 22:15:51 error: å¤„ç†åŒºå— #630 å¤±è´¥: WebSocket is not connected[39m
[31m2025-07-01 22:15:51 error: å¤„ç†åŒºå— #631 å¤±è´¥: WebSocket is not connected[39m
[31m2025-07-01 22:15:51 error: å¤„ç†åŒºå— #632 å¤±è´¥: WebSocket is not connected[39m
[31m2025-07-01 22:15:51 error: å¤„ç†åŒºå— #633 å¤±è´¥: WebSocket is not connected[39m
[31m2025-07-01 22:15:51 error: å¤„ç†åŒºå— #634 å¤±è´¥: WebSocket is not connected[39m
[31m2025-07-01 22:15:51 error: å¤„ç†åŒºå— #635 å¤±è´¥: WebSocket is not connected[39m
[31m2025-07-01 22:15:51 error: å¤„ç†åŒºå— #636 å¤±è´¥: WebSocket is not connected[39m
[31m2025-07-01 22:15:51 error: å¤„ç†åŒºå— #637 å¤±è´¥: WebSocket is not connected[39m
[31m2025-07-01 22:15:51 error: å¤„ç†åŒºå— #638 å¤±è´¥: WebSocket is not connected[39m
[31m2025-07-01 22:15:51 error: å¤„ç†åŒºå— #639 å¤±è´¥: WebSocket is not connected[39m
[31m2025-07-01 22:15:51 error: å¤„ç†åŒºå— #640 å¤±è´¥: WebSocket is not connected[39m
[31m2025-07-01 22:15:51 error: å¤„ç†åŒºå— #641 å¤±è´¥: WebSocket is not connected[39m
[31m2025-07-01 22:15:51 error: å¤„ç†åŒºå— #642 å¤±è´¥: WebSocket is not connected[39m
[31m2025-07-01 22:15:51 error: å¤„ç†åŒºå— #643 å¤±è´¥: WebSocket is not connected[39m
[31m2025-07-01 22:15:51 error: å¤„ç†åŒºå— #644 å¤±è´¥: WebSocket is not connected[39m
[31m2025-07-01 22:15:51 error: å¤„ç†åŒºå— #645 å¤±è´¥: WebSocket is not connected[39m
[31m2025-07-01 22:15:51 error: å¤„ç†åŒºå— #646 å¤±è´¥: WebSocket is not connected[39m
[31m2025-07-01 22:15:51 error: å¤„ç†åŒºå— #647 å¤±è´¥: WebSocket is not connected[39m
[31m2025-07-01 22:15:51 error: å¤„ç†åŒºå— #648 å¤±è´¥: WebSocket is not connected[39m
[31m2025-07-01 22:15:51 error: å¤„ç†åŒºå— #649 å¤±è´¥: WebSocket is not connected[39m
[31m2025-07-01 22:15:51 error: å¤„ç†åŒºå— #650 å¤±è´¥: WebSocket is not connected[39m
[31m2025-07-02 01:09:08 error: 2025-07-02 01:09:08[39m
[31m2025-07-02 01:09:08 error: 2025-07-02 01:09:08[39m
[31m2025-07-02 01:09:08 error: 2025-07-02 01:09:08[39m
[31m2025-07-02 01:09:08 error: 2025-07-02 01:09:08[39m
[31m2025-07-02 01:09:08 error: 2025-07-02 01:09:08[39m
[31m2025-07-02 01:09:08 error: 2025-07-02 01:09:08[39m
[31m2025-07-02 01:09:08 error: 2025-07-02 01:09:08[39m
[31m2025-07-02 01:09:08 error: 2025-07-02 01:09:08[39m
[31m2025-07-02 01:09:08 error: 2025-07-02 01:09:08[39m
[31m2025-07-02 01:09:08 error: 2025-07-02 01:09:08[39m
[31m2025-07-02 01:09:08 error: 2025-07-02 01:09:08[39m
[31m2025-07-02 01:09:08 error: 2025-07-02 01:09:08[39m
[31m2025-07-02 01:09:08 error: 2025-07-02 01:09:08[39m
[31m2025-07-02 01:09:08 error: 2025-07-02 01:09:08[39m
[31m2025-07-02 01:09:08 error: 2025-07-02 01:09:08[39m
[31m2025-07-02 01:09:08 error: 2025-07-02 01:09:08[39m
[31m2025-07-02 01:09:08 error: 2025-07-02 01:09:08[39m
[31m2025-07-02 01:09:08 error: 2025-07-02 01:09:08[39m
[31m2025-07-02 01:09:08 error: 2025-07-02 01:09:08[39m
[31m2025-07-02 01:09:08 error: 2025-07-02 01:09:08[39m
[31m2025-07-02 01:09:08 error: 2025-07-02 01:09:08[39m
[31m2025-07-02 01:09:08 error: 2025-07-02 01:09:08[39m
[31m2025-07-02 01:09:08 error: 2025-07-02 01:09:08[39m
[31m2025-07-02 01:09:08 error: 2025-07-02 01:09:08[39m
[31m2025-07-02 01:09:08 error: 2025-07-02 01:09:08[39m
[31m2025-07-02 01:09:08 error: 2025-07-02 01:09:08[39m
[31m2025-07-02 01:09:08 error: 2025-07-02 01:09:08[39m
[31m2025-07-02 01:09:08 error: 2025-07-02 01:09:08[39m
[31m2025-07-02 01:09:08 error: 2025-07-02 01:09:08[39m
[31m2025-07-02 01:09:08 error: 2025-07-02 01:09:08[39m
[31m2025-07-02 01:09:08 error: 2025-07-02 01:09:08[39m
[31m2025-07-02 01:09:08 error: 2025-07-02 01:09:08[39m
[31m2025-07-02 01:09:08 error: 2025-07-02 01:09:08[39m
[31m2025-07-02 01:09:08 error: 2025-07-02 01:09:08[39m
[31m2025-07-02 01:09:08 error: 2025-07-02 01:09:08[39m
[31m2025-07-02 01:09:08 error: 2025-07-02 01:09:08[39m
[31m2025-07-02 01:09:08 error: 2025-07-02 01:09:08[39m
[31m2025-07-02 01:09:08 error: 2025-07-02 01:09:08[39m
[31m2025-07-02 01:09:08 error: 2025-07-02 01:09:08[39m
[31m2025-07-02 01:09:09 error: è·å–åŒºå— #15095 æ•°æ®å¤±è´¥: disconnected from wss://rpc.3dpass.org: 1006:: Abnormal Closure[39m
[31m2025-07-02 01:09:09 error: è·å–åŒºå— #15099 æ•°æ®å¤±è´¥: disconnected from wss://rpc.3dpass.org: 1006:: Abnormal Closure[39m
[31m2025-07-02 01:09:09 error: è·å–åŒºå— #15098 æ•°æ®å¤±è´¥: disconnected from wss://rpc.3dpass.org: 1006:: Abnormal Closure[39m
[31m2025-07-02 01:09:09 error: è·å–åŒºå— #15100 æ•°æ®å¤±è´¥: disconnected from wss://rpc.3dpass.org: 1006:: Abnormal Closure[39m
[31m2025-07-02 01:09:09 error: è·å–åŒºå— #15095 å¤±è´¥: disconnected from wss://rpc.3dpass.org: 1006:: Abnormal Closure[39m
[31m2025-07-02 01:09:09 error: è·å–åŒºå— #15098 å¤±è´¥: disconnected from wss://rpc.3dpass.org: 1006:: Abnormal Closure[39m
[31m2025-07-02 01:09:09 error: è·å–åŒºå— #15099 å¤±è´¥: disconnected from wss://rpc.3dpass.org: 1006:: Abnormal Closure[39m
[31m2025-07-02 01:09:09 error: è·å–åŒºå— #15100 å¤±è´¥: disconnected from wss://rpc.3dpass.org: 1006:: Abnormal Closure[39m
[31m2025-07-02 01:09:10 error: 2025-07-02 01:09:10[39m
[31m2025-07-02 01:09:10 error: 2025-07-02 01:09:10[39m
[31m2025-07-02 01:09:10 error: 2025-07-02 01:09:10[39m
[31m2025-07-02 01:09:10 error: 2025-07-02 01:09:10[39m
[31m2025-07-02 01:09:10 error: 2025-07-02 01:09:10[39m
[31m2025-07-02 01:09:10 error: 2025-07-02 01:09:10[39m
[31m2025-07-02 01:09:10 error: 2025-07-02 01:09:10[39m
[31m2025-07-02 01:09:10 error: 2025-07-02 01:09:10[39m
[31m2025-07-02 01:09:10 error: 2025-07-02 01:09:10[39m
[31m2025-07-02 01:09:10 error: 2025-07-02 01:09:10[39m
[31m2025-07-02 01:09:10 error: 2025-07-02 01:09:10[39m
[31m2025-07-02 01:09:10 error: 2025-07-02 01:09:10[39m
[31m2025-07-02 01:09:10 error: 2025-07-02 01:09:10[39m
[31m2025-07-02 01:09:10 error: 2025-07-02 01:09:10[39m
[31m2025-07-02 01:09:10 error: 2025-07-02 01:09:10[39m
[31m2025-07-02 01:09:10 error: 2025-07-02 01:09:10[39m
[31m2025-07-02 01:09:10 error: 2025-07-02 01:09:10[39m
[31m2025-07-02 01:09:10 error: 2025-07-02 01:09:10[39m
[31m2025-07-02 01:09:10 error: 2025-07-02 01:09:10[39m
[31m2025-07-02 01:09:10 error: 2025-07-02 01:09:10[39m
[31m2025-07-02 01:09:10 error: 2025-07-02 01:09:10[39m
[31m2025-07-02 01:09:10 error: 2025-07-02 01:09:10[39m
[31m2025-07-02 01:09:10 error: 2025-07-02 01:09:10[39m
[31m2025-07-02 01:09:10 error: 2025-07-02 01:09:10[39m
[31m2025-07-02 01:09:10 error: 2025-07-02 01:09:10[39m
[31m2025-07-02 01:09:10 error: 2025-07-02 01:09:10[39m
[31m2025-07-02 01:09:10 error: 2025-07-02 01:09:10[39m
[31m2025-07-02 01:09:10 error: 2025-07-02 01:09:10[39m
[31m2025-07-02 01:09:10 error: 2025-07-02 01:09:10[39m
[31m2025-07-02 01:09:10 error: 2025-07-02 01:09:10[39m
[31m2025-07-02 01:09:10 error: 2025-07-02 01:09:10[39m
[31m2025-07-02 01:09:10 error: 2025-07-02 01:09:10[39m
[31m2025-07-02 01:09:10 error: 2025-07-02 01:09:10[39m
[31m2025-07-02 01:09:10 error: 2025-07-02 01:09:10[39m
[31m2025-07-02 01:09:10 error: 2025-07-02 01:09:10[39m
[31m2025-07-02 01:09:10 error: 2025-07-02 01:09:10[39m
[31m2025-07-02 01:09:10 error: 2025-07-02 01:09:10[39m
[31m2025-07-02 01:09:10 error: 2025-07-02 01:09:10[39m
[31m2025-07-02 01:09:10 error: 2025-07-02 01:09:10[39m
[31m2025-07-02 01:09:10 error: 2025-07-02 01:09:10[39m
[31m2025-07-02 01:09:10 error: 2025-07-02 01:09:10[39m
[31m2025-07-02 01:09:10 error: 2025-07-02 01:09:10[39m
[31m2025-07-02 01:09:10 error: 2025-07-02 01:09:10[39m
[31m2025-07-02 01:09:10 error: 2025-07-02 01:09:10[39m
[31m2025-07-02 01:09:10 error: 2025-07-02 01:09:10[39m
[31m2025-07-02 01:09:10 error: 2025-07-02 01:09:10[39m
[31m2025-07-02 01:09:10 error: 2025-07-02 01:09:10[39m
[31m2025-07-02 01:09:10 error: 2025-07-02 01:09:10[39m
[31m2025-07-02 01:09:10 error: 2025-07-02 01:09:10[39m
[31m2025-07-02 01:09:10 error: 2025-07-02 01:09:10[39m
[31m2025-07-02 01:09:10 error: è·å–åŒºå— #15101 æ•°æ®å¤±è´¥: WebSocket is not connected[39m
[31m2025-07-02 01:09:10 error: è·å–åŒºå— #15102 æ•°æ®å¤±è´¥: WebSocket is not connected[39m
[31m2025-07-02 01:09:10 error: è·å–åŒºå— #15103 æ•°æ®å¤±è´¥: WebSocket is not connected[39m
[31m2025-07-02 01:09:10 error: è·å–åŒºå— #15104 æ•°æ®å¤±è´¥: WebSocket is not connected[39m
[31m2025-07-02 01:09:10 error: è·å–åŒºå— #15105 æ•°æ®å¤±è´¥: WebSocket is not connected[39m
[31m2025-07-02 01:09:10 error: è·å–åŒºå— #15106 æ•°æ®å¤±è´¥: WebSocket is not connected[39m
[31m2025-07-02 01:09:10 error: è·å–åŒºå— #15107 æ•°æ®å¤±è´¥: WebSocket is not connected[39m
[31m2025-07-02 01:09:10 error: è·å–åŒºå— #15108 æ•°æ®å¤±è´¥: WebSocket is not connected[39m
[31m2025-07-02 01:09:10 error: è·å–åŒºå— #15109 æ•°æ®å¤±è´¥: WebSocket is not connected[39m
[31m2025-07-02 01:09:10 error: è·å–åŒºå— #15110 æ•°æ®å¤±è´¥: WebSocket is not connected[39m
[31m2025-07-02 01:09:10 error: è·å–åŒºå— #15111 æ•°æ®å¤±è´¥: WebSocket is not connected[39m
[31m2025-07-02 01:09:10 error: è·å–åŒºå— #15112 æ•°æ®å¤±è´¥: WebSocket is not connected[39m
[31m2025-07-02 01:09:10 error: è·å–åŒºå— #15113 æ•°æ®å¤±è´¥: WebSocket is not connected[39m
[31m2025-07-02 01:09:10 error: è·å–åŒºå— #15114 æ•°æ®å¤±è´¥: WebSocket is not connected[39m
[31m2025-07-02 01:09:10 error: è·å–åŒºå— #15115 æ•°æ®å¤±è´¥: WebSocket is not connected[39m
[31m2025-07-02 01:09:10 error: è·å–åŒºå— #15116 æ•°æ®å¤±è´¥: WebSocket is not connected[39m
[31m2025-07-02 01:09:10 error: è·å–åŒºå— #15117 æ•°æ®å¤±è´¥: WebSocket is not connected[39m
[31m2025-07-02 01:09:10 error: è·å–åŒºå— #15118 æ•°æ®å¤±è´¥: WebSocket is not connected[39m
[31m2025-07-02 01:09:10 error: è·å–åŒºå— #15119 æ•°æ®å¤±è´¥: WebSocket is not connected[39m
[31m2025-07-02 01:09:10 error: è·å–åŒºå— #15120 æ•°æ®å¤±è´¥: WebSocket is not connected[39m
[31m2025-07-02 01:09:10 error: è·å–åŒºå— #15121 æ•°æ®å¤±è´¥: WebSocket is not connected[39m
[31m2025-07-02 01:09:10 error: è·å–åŒºå— #15122 æ•°æ®å¤±è´¥: WebSocket is not connected[39m
[31m2025-07-02 01:09:10 error: è·å–åŒºå— #15123 æ•°æ®å¤±è´¥: WebSocket is not connected[39m
[31m2025-07-02 01:09:10 error: è·å–åŒºå— #15124 æ•°æ®å¤±è´¥: WebSocket is not connected[39m
[31m2025-07-02 01:09:10 error: è·å–åŒºå— #15125 æ•°æ®å¤±è´¥: WebSocket is not connected[39m
[31m2025-07-02 01:09:10 error: è·å–åŒºå— #15126 æ•°æ®å¤±è´¥: WebSocket is not connected[39m
[31m2025-07-02 01:09:10 error: è·å–åŒºå— #15127 æ•°æ®å¤±è´¥: WebSocket is not connected[39m
[31m2025-07-02 01:09:10 error: è·å–åŒºå— #15128 æ•°æ®å¤±è´¥: WebSocket is not connected[39m
[31m2025-07-02 01:09:10 error: è·å–åŒºå— #15129 æ•°æ®å¤±è´¥: WebSocket is not connected[39m
[31m2025-07-02 01:09:10 error: è·å–åŒºå— #15130 æ•°æ®å¤±è´¥: WebSocket is not connected[39m
[31m2025-07-02 01:09:10 error: è·å–åŒºå— #15131 æ•°æ®å¤±è´¥: WebSocket is not connected[39m
[31m2025-07-02 01:09:10 error: è·å–åŒºå— #15132 æ•°æ®å¤±è´¥: WebSocket is not connected[39m
[31m2025-07-02 01:09:10 error: è·å–åŒºå— #15133 æ•°æ®å¤±è´¥: WebSocket is not connected[39m
[31m2025-07-02 01:09:10 error: è·å–åŒºå— #15134 æ•°æ®å¤±è´¥: WebSocket is not connected[39m
[31m2025-07-02 01:09:10 error: è·å–åŒºå— #15135 æ•°æ®å¤±è´¥: WebSocket is not connected[39m
[31m2025-07-02 01:09:10 error: è·å–åŒºå— #15136 æ•°æ®å¤±è´¥: WebSocket is not connected[39m
[31m2025-07-02 01:09:10 error: è·å–åŒºå— #15137 æ•°æ®å¤±è´¥: WebSocket is not connected[39m
[31m2025-07-02 01:09:10 error: è·å–åŒºå— #15138 æ•°æ®å¤±è´¥: WebSocket is not connected[39m
[31m2025-07-02 01:09:10 error: è·å–åŒºå— #15139 æ•°æ®å¤±è´¥: WebSocket is not connected[39m
[31m2025-07-02 01:09:10 error: è·å–åŒºå— #15140 æ•°æ®å¤±è´¥: WebSocket is not connected[39m
[31m2025-07-02 01:09:10 error: è·å–åŒºå— #15141 æ•°æ®å¤±è´¥: WebSocket is not connected[39m
[31m2025-07-02 01:09:10 error: è·å–åŒºå— #15142 æ•°æ®å¤±è´¥: WebSocket is not connected[39m
[31m2025-07-02 01:09:10 error: è·å–åŒºå— #15143 æ•°æ®å¤±è´¥: WebSocket is not connected[39m
[31m2025-07-02 01:09:10 error: è·å–åŒºå— #15144 æ•°æ®å¤±è´¥: WebSocket is not connected[39m
[31m2025-07-02 01:09:10 error: è·å–åŒºå— #15145 æ•°æ®å¤±è´¥: WebSocket is not connected[39m
[31m2025-07-02 01:09:10 error: è·å–åŒºå— #15146 æ•°æ®å¤±è´¥: WebSocket is not connected[39m
[31m2025-07-02 01:09:10 error: è·å–åŒºå— #15147 æ•°æ®å¤±è´¥: WebSocket is not connected[39m
[31m2025-07-02 01:09:10 error: è·å–åŒºå— #15148 æ•°æ®å¤±è´¥: WebSocket is not connected[39m
[31m2025-07-02 01:09:10 error: è·å–åŒºå— #15149 æ•°æ®å¤±è´¥: WebSocket is not connected[39m
[31m2025-07-02 01:09:10 error: è·å–åŒºå— #15150 æ•°æ®å¤±è´¥: WebSocket is not connected[39m
[31m2025-07-02 01:09:10 error: è·å–åŒºå— #15101 å¤±è´¥: WebSocket is not connected[39m
[31m2025-07-02 01:09:10 error: è·å–åŒºå— #15102 å¤±è´¥: WebSocket is not connected[39m
[31m2025-07-02 01:09:10 error: è·å–åŒºå— #15103 å¤±è´¥: WebSocket is not connected[39m
[31m2025-07-02 01:09:10 error: è·å–åŒºå— #15104 å¤±è´¥: WebSocket is not connected[39m
[31m2025-07-02 01:09:10 error: è·å–åŒºå— #15105 å¤±è´¥: WebSocket is not connected[39m
[31m2025-07-02 01:09:10 error: è·å–åŒºå— #15106 å¤±è´¥: WebSocket is not connected[39m
[31m2025-07-02 01:09:10 error: è·å–åŒºå— #15107 å¤±è´¥: WebSocket is not connected[39m
[31m2025-07-02 01:09:10 error: è·å–åŒºå— #15108 å¤±è´¥: WebSocket is not connected[39m
[31m2025-07-02 01:09:10 error: è·å–åŒºå— #15109 å¤±è´¥: WebSocket is not connected[39m
[31m2025-07-02 01:09:10 error: è·å–åŒºå— #15110 å¤±è´¥: WebSocket is not connected[39m
[31m2025-07-02 01:09:10 error: è·å–åŒºå— #15111 å¤±è´¥: WebSocket is not connected[39m
[31m2025-07-02 01:09:10 error: è·å–åŒºå— #15112 å¤±è´¥: WebSocket is not connected[39m
[31m2025-07-02 01:09:10 error: è·å–åŒºå— #15113 å¤±è´¥: WebSocket is not connected[39m
[31m2025-07-02 01:09:10 error: è·å–åŒºå— #15114 å¤±è´¥: WebSocket is not connected[39m
[31m2025-07-02 01:09:10 error: è·å–åŒºå— #15115 å¤±è´¥: WebSocket is not connected[39m
[31m2025-07-02 01:09:10 error: è·å–åŒºå— #15116 å¤±è´¥: WebSocket is not connected[39m
[31m2025-07-02 01:09:10 error: è·å–åŒºå— #15117 å¤±è´¥: WebSocket is not connected[39m
[31m2025-07-02 01:09:10 error: è·å–åŒºå— #15118 å¤±è´¥: WebSocket is not connected[39m
[31m2025-07-02 01:09:10 error: è·å–åŒºå— #15119 å¤±è´¥: WebSocket is not connected[39m
[31m2025-07-02 01:09:10 error: è·å–åŒºå— #15120 å¤±è´¥: WebSocket is not connected[39m
[31m2025-07-02 01:09:10 error: è·å–åŒºå— #15121 å¤±è´¥: WebSocket is not connected[39m
[31m2025-07-02 01:09:10 error: è·å–åŒºå— #15122 å¤±è´¥: WebSocket is not connected[39m
[31m2025-07-02 01:09:10 error: è·å–åŒºå— #15123 å¤±è´¥: WebSocket is not connected[39m
[31m2025-07-02 01:09:10 error: è·å–åŒºå— #15124 å¤±è´¥: WebSocket is not connected[39m
[31m2025-07-02 01:09:10 error: è·å–åŒºå— #15125 å¤±è´¥: WebSocket is not connected[39m
[31m2025-07-02 01:09:10 error: è·å–åŒºå— #15126 å¤±è´¥: WebSocket is not connected[39m
[31m2025-07-02 01:09:10 error: è·å–åŒºå— #15127 å¤±è´¥: WebSocket is not connected[39m
[31m2025-07-02 01:09:10 error: è·å–åŒºå— #15128 å¤±è´¥: WebSocket is not connected[39m
[31m2025-07-02 01:09:10 error: è·å–åŒºå— #15129 å¤±è´¥: WebSocket is not connected[39m
[31m2025-07-02 01:09:10 error: è·å–åŒºå— #15130 å¤±è´¥: WebSocket is not connected[39m
[31m2025-07-02 01:09:10 error: è·å–åŒºå— #15131 å¤±è´¥: WebSocket is not connected[39m
[31m2025-07-02 01:09:10 error: è·å–åŒºå— #15132 å¤±è´¥: WebSocket is not connected[39m
[31m2025-07-02 01:09:10 error: è·å–åŒºå— #15133 å¤±è´¥: WebSocket is not connected[39m
[31m2025-07-02 01:09:10 error: è·å–åŒºå— #15134 å¤±è´¥: WebSocket is not connected[39m
[31m2025-07-02 01:09:10 error: è·å–åŒºå— #15135 å¤±è´¥: WebSocket is not connected[39m
[31m2025-07-02 01:09:10 error: è·å–åŒºå— #15136 å¤±è´¥: WebSocket is not connected[39m
[31m2025-07-02 01:09:10 error: è·å–åŒºå— #15137 å¤±è´¥: WebSocket is not connected[39m
[31m2025-07-02 01:09:10 error: è·å–åŒºå— #15138 å¤±è´¥: WebSocket is not connected[39m
[31m2025-07-02 01:09:10 error: è·å–åŒºå— #15139 å¤±è´¥: WebSocket is not connected[39m
[31m2025-07-02 01:09:10 error: è·å–åŒºå— #15140 å¤±è´¥: WebSocket is not connected[39m
[31m2025-07-02 01:09:10 error: è·å–åŒºå— #15141 å¤±è´¥: WebSocket is not connected[39m
[31m2025-07-02 01:09:10 error: è·å–åŒºå— #15142 å¤±è´¥: WebSocket is not connected[39m
[31m2025-07-02 01:09:10 error: è·å–åŒºå— #15143 å¤±è´¥: WebSocket is not connected[39m
[31m2025-07-02 01:09:10 error: è·å–åŒºå— #15144 å¤±è´¥: WebSocket is not connected[39m
[31m2025-07-02 01:09:10 error: è·å–åŒºå— #15145 å¤±è´¥: WebSocket is not connected[39m
[31m2025-07-02 01:09:10 error: è·å–åŒºå— #15146 å¤±è´¥: WebSocket is not connected[39m
[31m2025-07-02 01:09:10 error: è·å–åŒºå— #15147 å¤±è´¥: WebSocket is not connected[39m
[31m2025-07-02 01:09:10 error: è·å–åŒºå— #15148 å¤±è´¥: WebSocket is not connected[39m
[31m2025-07-02 01:09:10 error: è·å–åŒºå— #15149 å¤±è´¥: WebSocket is not connected[39m
[31m2025-07-02 01:09:10 error: è·å–åŒºå— #15150 å¤±è´¥: WebSocket is not connected[39m
[31m2025-07-02 01:09:11 error: 2025-07-02 01:09:11[39m
[31m2025-07-02 01:09:11 error: 2025-07-02 01:09:11[39m
[31m2025-07-02 01:09:11 error: 2025-07-02 01:09:11[39m
[31m2025-07-02 01:09:11 error: 2025-07-02 01:09:11[39m
[31m2025-07-02 01:09:11 error: 2025-07-02 01:09:11[39m
[31m2025-07-02 01:09:11 error: 2025-07-02 01:09:11[39m
[31m2025-07-02 01:09:11 error: 2025-07-02 01:09:11[39m
[31m2025-07-02 01:09:11 error: 2025-07-02 01:09:11[39m
[31m2025-07-02 01:09:11 error: 2025-07-02 01:09:11[39m
[31m2025-07-02 01:09:11 error: 2025-07-02 01:09:11[39m
[31m2025-07-02 01:09:11 error: 2025-07-02 01:09:11[39m
[31m2025-07-02 01:09:11 error: 2025-07-02 01:09:11[39m
[31m2025-07-02 01:09:11 error: 2025-07-02 01:09:11[39m
[31m2025-07-02 01:09:11 error: 2025-07-02 01:09:11[39m
[31m2025-07-02 01:09:11 error: 2025-07-02 01:09:11[39m
[31m2025-07-02 01:09:11 error: 2025-07-02 01:09:11[39m
[31m2025-07-02 01:09:11 error: 2025-07-02 01:09:11[39m
[31m2025-07-02 01:09:11 error: 2025-07-02 01:09:11[39m
[31m2025-07-02 01:09:11 error: 2025-07-02 01:09:11[39m
[31m2025-07-02 01:09:11 error: 2025-07-02 01:09:11[39m
[31m2025-07-02 01:09:11 error: 2025-07-02 01:09:11[39m
[31m2025-07-02 01:09:11 error: 2025-07-02 01:09:11[39m
[31m2025-07-02 01:09:11 error: 2025-07-02 01:09:11[39m
[31m2025-07-02 01:09:11 error: 2025-07-02 01:09:11[39m
[31m2025-07-02 01:09:11 error: 2025-07-02 01:09:11[39m
[31m2025-07-02 01:09:11 error: 2025-07-02 01:09:11[39m
[31m2025-07-02 01:09:11 error: 2025-07-02 01:09:11[39m
[31m2025-07-02 01:09:11 error: 2025-07-02 01:09:11[39m
[31m2025-07-02 01:09:11 error: 2025-07-02 01:09:11[39m
[31m2025-07-02 01:09:11 error: 2025-07-02 01:09:11[39m
[31m2025-07-02 01:09:11 error: 2025-07-02 01:09:11[39m
[31m2025-07-02 01:09:11 error: 2025-07-02 01:09:11[39m
[31m2025-07-02 01:09:11 error: 2025-07-02 01:09:11[39m
[31m2025-07-02 01:09:11 error: 2025-07-02 01:09:11[39m
[31m2025-07-02 01:09:11 error: 2025-07-02 01:09:11[39m
[31m2025-07-02 01:09:11 error: 2025-07-02 01:09:11[39m
[31m2025-07-02 01:09:11 error: 2025-07-02 01:09:11[39m
[31m2025-07-02 01:09:11 error: 2025-07-02 01:09:11[39m
[31m2025-07-02 01:09:11 error: 2025-07-02 01:09:11[39m
[31m2025-07-02 01:09:11 error: 2025-07-02 01:09:11[39m
[31m2025-07-02 01:09:11 error: 2025-07-02 01:09:11[39m
[31m2025-07-02 01:09:11 error: 2025-07-02 01:09:11[39m
[31m2025-07-02 01:09:11 error: 2025-07-02 01:09:11[39m
[31m2025-07-02 01:09:11 error: 2025-07-02 01:09:11[39m
[31m2025-07-02 01:09:11 error: 2025-07-02 01:09:11[39m
[31m2025-07-02 01:09:11 error: 2025-07-02 01:09:11[39m
[31m2025-07-02 01:09:11 error: 2025-07-02 01:09:11[39m
[31m2025-07-02 01:09:11 error: 2025-07-02 01:09:11[39m
[31m2025-07-02 01:09:11 error: 2025-07-02 01:09:11[39m
[31m2025-07-02 01:09:11 error: 2025-07-02 01:09:11[39m
[31m2025-07-02 01:09:11 error: è·å–åŒºå— #15151 æ•°æ®å¤±è´¥: WebSocket is not connected[39m
[31m2025-07-02 01:09:11 error: è·å–åŒºå— #15152 æ•°æ®å¤±è´¥: WebSocket is not connected[39m
[31m2025-07-02 01:09:11 error: è·å–åŒºå— #15153 æ•°æ®å¤±è´¥: WebSocket is not connected[39m
[31m2025-07-02 01:09:11 error: è·å–åŒºå— #15154 æ•°æ®å¤±è´¥: WebSocket is not connected[39m
[31m2025-07-02 01:09:11 error: è·å–åŒºå— #15155 æ•°æ®å¤±è´¥: WebSocket is not connected[39m
[31m2025-07-02 01:09:11 error: è·å–åŒºå— #15156 æ•°æ®å¤±è´¥: WebSocket is not connected[39m
[31m2025-07-02 01:09:11 error: è·å–åŒºå— #15157 æ•°æ®å¤±è´¥: WebSocket is not connected[39m
[31m2025-07-02 01:09:11 error: è·å–åŒºå— #15158 æ•°æ®å¤±è´¥: WebSocket is not connected[39m
[31m2025-07-02 01:09:11 error: è·å–åŒºå— #15159 æ•°æ®å¤±è´¥: WebSocket is not connected[39m
[31m2025-07-02 01:09:11 error: è·å–åŒºå— #15160 æ•°æ®å¤±è´¥: WebSocket is not connected[39m
[31m2025-07-02 01:09:11 error: è·å–åŒºå— #15161 æ•°æ®å¤±è´¥: WebSocket is not connected[39m
[31m2025-07-02 01:09:11 error: è·å–åŒºå— #15162 æ•°æ®å¤±è´¥: WebSocket is not connected[39m
[31m2025-07-02 01:09:11 error: è·å–åŒºå— #15163 æ•°æ®å¤±è´¥: WebSocket is not connected[39m
[31m2025-07-02 01:09:11 error: è·å–åŒºå— #15164 æ•°æ®å¤±è´¥: WebSocket is not connected[39m
[31m2025-07-02 01:09:11 error: è·å–åŒºå— #15165 æ•°æ®å¤±è´¥: WebSocket is not connected[39m
[31m2025-07-02 01:09:11 error: è·å–åŒºå— #15166 æ•°æ®å¤±è´¥: WebSocket is not connected[39m
[31m2025-07-02 01:09:11 error: è·å–åŒºå— #15167 æ•°æ®å¤±è´¥: WebSocket is not connected[39m
[31m2025-07-02 01:09:11 error: è·å–åŒºå— #15168 æ•°æ®å¤±è´¥: WebSocket is not connected[39m
[31m2025-07-02 01:09:11 error: è·å–åŒºå— #15169 æ•°æ®å¤±è´¥: WebSocket is not connected[39m
[31m2025-07-02 01:09:11 error: è·å–åŒºå— #15170 æ•°æ®å¤±è´¥: WebSocket is not connected[39m
[31m2025-07-02 01:09:11 error: è·å–åŒºå— #15171 æ•°æ®å¤±è´¥: WebSocket is not connected[39m
[31m2025-07-02 01:09:11 error: è·å–åŒºå— #15172 æ•°æ®å¤±è´¥: WebSocket is not connected[39m
[31m2025-07-02 01:09:11 error: è·å–åŒºå— #15173 æ•°æ®å¤±è´¥: WebSocket is not connected[39m
[31m2025-07-02 01:09:11 error: è·å–åŒºå— #15174 æ•°æ®å¤±è´¥: WebSocket is not connected[39m
[31m2025-07-02 01:09:11 error: è·å–åŒºå— #15175 æ•°æ®å¤±è´¥: WebSocket is not connected[39m
[31m2025-07-02 01:09:11 error: è·å–åŒºå— #15176 æ•°æ®å¤±è´¥: WebSocket is not connected[39m
[31m2025-07-02 01:09:11 error: è·å–åŒºå— #15177 æ•°æ®å¤±è´¥: WebSocket is not connected[39m
[31m2025-07-02 01:09:11 error: è·å–åŒºå— #15178 æ•°æ®å¤±è´¥: WebSocket is not connected[39m
[31m2025-07-02 01:09:11 error: è·å–åŒºå— #15179 æ•°æ®å¤±è´¥: WebSocket is not connected[39m
[31m2025-07-02 01:09:11 error: è·å–åŒºå— #15180 æ•°æ®å¤±è´¥: WebSocket is not connected[39m
[31m2025-07-02 01:09:11 error: è·å–åŒºå— #15181 æ•°æ®å¤±è´¥: WebSocket is not connected[39m
[31m2025-07-02 01:09:11 error: è·å–åŒºå— #15182 æ•°æ®å¤±è´¥: WebSocket is not connected[39m
[31m2025-07-02 01:09:11 error: è·å–åŒºå— #15183 æ•°æ®å¤±è´¥: WebSocket is not connected[39m
[31m2025-07-02 01:09:11 error: è·å–åŒºå— #15184 æ•°æ®å¤±è´¥: WebSocket is not connected[39m
[31m2025-07-02 01:09:11 error: è·å–åŒºå— #15185 æ•°æ®å¤±è´¥: WebSocket is not connected[39m
[31m2025-07-02 01:09:11 error: è·å–åŒºå— #15186 æ•°æ®å¤±è´¥: WebSocket is not connected[39m
[31m2025-07-02 01:09:11 error: è·å–åŒºå— #15187 æ•°æ®å¤±è´¥: WebSocket is not connected[39m
[31m2025-07-02 01:09:11 error: è·å–åŒºå— #15188 æ•°æ®å¤±è´¥: WebSocket is not connected[39m
[31m2025-07-02 01:09:11 error: è·å–åŒºå— #15189 æ•°æ®å¤±è´¥: WebSocket is not connected[39m
[31m2025-07-02 01:09:11 error: è·å–åŒºå— #15190 æ•°æ®å¤±è´¥: WebSocket is not connected[39m
[31m2025-07-02 01:09:11 error: è·å–åŒºå— #15191 æ•°æ®å¤±è´¥: WebSocket is not connected[39m
[31m2025-07-02 01:09:11 error: è·å–åŒºå— #15192 æ•°æ®å¤±è´¥: WebSocket is not connected[39m
[31m2025-07-02 01:09:11 error: è·å–åŒºå— #15193 æ•°æ®å¤±è´¥: WebSocket is not connected[39m
[31m2025-07-02 01:09:11 error: è·å–åŒºå— #15194 æ•°æ®å¤±è´¥: WebSocket is not connected[39m
[31m2025-07-02 01:09:11 error: è·å–åŒºå— #15195 æ•°æ®å¤±è´¥: WebSocket is not connected[39m
[31m2025-07-02 01:09:11 error: è·å–åŒºå— #15196 æ•°æ®å¤±è´¥: WebSocket is not connected[39m
[31m2025-07-02 01:09:11 error: è·å–åŒºå— #15197 æ•°æ®å¤±è´¥: WebSocket is not connected[39m
[31m2025-07-02 01:09:11 error: è·å–åŒºå— #15198 æ•°æ®å¤±è´¥: WebSocket is not connected[39m
[31m2025-07-02 01:09:11 error: è·å–åŒºå— #15199 æ•°æ®å¤±è´¥: WebSocket is not connected[39m
[31m2025-07-02 01:09:11 error: è·å–åŒºå— #15200 æ•°æ®å¤±è´¥: WebSocket is not connected[39m
[31m2025-07-02 01:09:11 error: è·å–åŒºå— #15151 å¤±è´¥: WebSocket is not connected[39m
[31m2025-07-02 01:09:11 error: è·å–åŒºå— #15152 å¤±è´¥: WebSocket is not connected[39m
[31m2025-07-02 01:09:11 error: è·å–åŒºå— #15153 å¤±è´¥: WebSocket is not connected[39m
[31m2025-07-02 01:09:11 error: è·å–åŒºå— #15154 å¤±è´¥: WebSocket is not connected[39m
[31m2025-07-02 01:09:11 error: è·å–åŒºå— #15155 å¤±è´¥: WebSocket is not connected[39m
[31m2025-07-02 01:09:11 error: è·å–åŒºå— #15156 å¤±è´¥: WebSocket is not connected[39m
[31m2025-07-02 01:09:11 error: è·å–åŒºå— #15157 å¤±è´¥: WebSocket is not connected[39m
[31m2025-07-02 01:09:11 error: è·å–åŒºå— #15158 å¤±è´¥: WebSocket is not connected[39m
[31m2025-07-02 01:09:11 error: è·å–åŒºå— #15159 å¤±è´¥: WebSocket is not connected[39m
[31m2025-07-02 01:09:11 error: è·å–åŒºå— #15160 å¤±è´¥: WebSocket is not connected[39m
[31m2025-07-02 01:09:11 error: è·å–åŒºå— #15161 å¤±è´¥: WebSocket is not connected[39m
[31m2025-07-02 01:09:11 error: è·å–åŒºå— #15162 å¤±è´¥: WebSocket is not connected[39m
[31m2025-07-02 01:09:11 error: è·å–åŒºå— #15163 å¤±è´¥: WebSocket is not connected[39m
[31m2025-07-02 01:09:11 error: è·å–åŒºå— #15164 å¤±è´¥: WebSocket is not connected[39m
[31m2025-07-02 01:09:11 error: è·å–åŒºå— #15165 å¤±è´¥: WebSocket is not connected[39m
[31m2025-07-02 01:09:11 error: è·å–åŒºå— #15166 å¤±è´¥: WebSocket is not connected[39m
[31m2025-07-02 01:09:11 error: è·å–åŒºå— #15167 å¤±è´¥: WebSocket is not connected[39m
[31m2025-07-02 01:09:11 error: è·å–åŒºå— #15168 å¤±è´¥: WebSocket is not connected[39m
[31m2025-07-02 01:09:11 error: è·å–åŒºå— #15169 å¤±è´¥: WebSocket is not connected[39m
[31m2025-07-02 01:09:11 error: è·å–åŒºå— #15170 å¤±è´¥: WebSocket is not connected[39m
[31m2025-07-02 01:09:11 error: è·å–åŒºå— #15171 å¤±è´¥: WebSocket is not connected[39m
[31m2025-07-02 01:09:11 error: è·å–åŒºå— #15172 å¤±è´¥: WebSocket is not connected[39m
[31m2025-07-02 01:09:11 error: è·å–åŒºå— #15173 å¤±è´¥: WebSocket is not connected[39m
[31m2025-07-02 01:09:11 error: è·å–åŒºå— #15174 å¤±è´¥: WebSocket is not connected[39m
[31m2025-07-02 01:09:11 error: è·å–åŒºå— #15175 å¤±è´¥: WebSocket is not connected[39m
[31m2025-07-02 01:09:11 error: è·å–åŒºå— #15176 å¤±è´¥: WebSocket is not connected[39m
[31m2025-07-02 01:09:11 error: è·å–åŒºå— #15177 å¤±è´¥: WebSocket is not connected[39m
[31m2025-07-02 01:09:11 error: è·å–åŒºå— #15178 å¤±è´¥: WebSocket is not connected[39m
[31m2025-07-02 01:09:11 error: è·å–åŒºå— #15179 å¤±è´¥: WebSocket is not connected[39m
[31m2025-07-02 01:09:11 error: è·å–åŒºå— #15180 å¤±è´¥: WebSocket is not connected[39m
[31m2025-07-02 01:09:11 error: è·å–åŒºå— #15181 å¤±è´¥: WebSocket is not connected[39m
[31m2025-07-02 01:09:11 error: è·å–åŒºå— #15182 å¤±è´¥: WebSocket is not connected[39m
[31m2025-07-02 01:09:11 error: è·å–åŒºå— #15183 å¤±è´¥: WebSocket is not connected[39m
[31m2025-07-02 01:09:11 error: è·å–åŒºå— #15184 å¤±è´¥: WebSocket is not connected[39m
[31m2025-07-02 01:09:11 error: è·å–åŒºå— #15185 å¤±è´¥: WebSocket is not connected[39m
[31m2025-07-02 01:09:11 error: è·å–åŒºå— #15186 å¤±è´¥: WebSocket is not connected[39m
[31m2025-07-02 01:09:11 error: è·å–åŒºå— #15187 å¤±è´¥: WebSocket is not connected[39m
[31m2025-07-02 01:09:11 error: è·å–åŒºå— #15188 å¤±è´¥: WebSocket is not connected[39m
[31m2025-07-02 01:09:11 error: è·å–åŒºå— #15189 å¤±è´¥: WebSocket is not connected[39m
[31m2025-07-02 01:09:11 error: è·å–åŒºå— #15190 å¤±è´¥: WebSocket is not connected[39m
[31m2025-07-02 01:09:11 error: è·å–åŒºå— #15191 å¤±è´¥: WebSocket is not connected[39m
[31m2025-07-02 01:09:11 error: è·å–åŒºå— #15192 å¤±è´¥: WebSocket is not connected[39m
[31m2025-07-02 01:09:11 error: è·å–åŒºå— #15193 å¤±è´¥: WebSocket is not connected[39m
[31m2025-07-02 01:09:11 error: è·å–åŒºå— #15194 å¤±è´¥: WebSocket is not connected[39m
[31m2025-07-02 01:09:11 error: è·å–åŒºå— #15195 å¤±è´¥: WebSocket is not connected[39m
[31m2025-07-02 01:09:11 error: è·å–åŒºå— #15196 å¤±è´¥: WebSocket is not connected[39m
[31m2025-07-02 01:09:11 error: è·å–åŒºå— #15197 å¤±è´¥: WebSocket is not connected[39m
[31m2025-07-02 01:09:11 error: è·å–åŒºå— #15198 å¤±è´¥: WebSocket is not connected[39m
[31m2025-07-02 01:09:11 error: è·å–åŒºå— #15199 å¤±è´¥: WebSocket is not connected[39m
[31m2025-07-02 01:09:11 error: è·å–åŒºå— #15200 å¤±è´¥: WebSocket is not connected[39m
[31m2025-07-02 01:09:12 error: 2025-07-02 01:09:12[39m
[31m2025-07-02 01:09:12 error: 2025-07-02 01:09:12[39m
[31m2025-07-02 01:09:12 error: 2025-07-02 01:09:12[39m
[31m2025-07-02 01:09:12 error: 2025-07-02 01:09:12[39m
[31m2025-07-02 01:09:12 error: 2025-07-02 01:09:12[39m
[31m2025-07-02 01:09:12 error: 2025-07-02 01:09:12[39m
[31m2025-07-02 01:09:12 error: 2025-07-02 01:09:12[39m
[31m2025-07-02 01:09:12 error: 2025-07-02 01:09:12[39m
[31m2025-07-02 01:09:12 error: 2025-07-02 01:09:12[39m
[31m2025-07-02 01:09:12 error: 2025-07-02 01:09:12[39m
[31m2025-07-02 01:09:12 error: 2025-07-02 01:09:12[39m
[31m2025-07-02 01:09:12 error: 2025-07-02 01:09:12[39m
[31m2025-07-02 01:09:12 error: 2025-07-02 01:09:12[39m
[31m2025-07-02 01:09:12 error: 2025-07-02 01:09:12[39m
[31m2025-07-02 01:09:12 error: 2025-07-02 01:09:12[39m
[31m2025-07-02 01:09:12 error: 2025-07-02 01:09:12[39m
[31m2025-07-02 01:09:12 error: 2025-07-02 01:09:12[39m
[31m2025-07-02 01:09:12 error: 2025-07-02 01:09:12[39m
[31m2025-07-02 01:09:12 error: 2025-07-02 01:09:12[39m
[31m2025-07-02 01:09:12 error: 2025-07-02 01:09:12[39m
[31m2025-07-02 01:09:12 error: 2025-07-02 01:09:12[39m
[31m2025-07-02 01:09:12 error: 2025-07-02 01:09:12[39m
[31m2025-07-02 01:09:12 error: 2025-07-02 01:09:12[39m
[31m2025-07-02 01:09:12 error: 2025-07-02 01:09:12[39m
[31m2025-07-02 01:09:12 error: 2025-07-02 01:09:12[39m
[31m2025-07-02 01:09:12 error: 2025-07-02 01:09:12[39m
[31m2025-07-02 01:09:12 error: 2025-07-02 01:09:12[39m
[31m2025-07-02 01:09:12 error: 2025-07-02 01:09:12[39m
[31m2025-07-02 01:09:12 error: 2025-07-02 01:09:12[39m
[31m2025-07-02 01:09:12 error: 2025-07-02 01:09:12[39m
[31m2025-07-02 01:09:12 error: 2025-07-02 01:09:12[39m
[31m2025-07-02 01:09:12 error: 2025-07-02 01:09:12[39m
[31m2025-07-02 01:09:12 error: 2025-07-02 01:09:12[39m
[31m2025-07-02 01:09:12 error: 2025-07-02 01:09:12[39m
[31m2025-07-02 01:09:12 error: 2025-07-02 01:09:12[39m
[31m2025-07-02 01:09:12 error: 2025-07-02 01:09:12[39m
[31m2025-07-02 01:09:12 error: 2025-07-02 01:09:12[39m
[31m2025-07-02 01:09:12 error: 2025-07-02 01:09:12[39m
[31m2025-07-02 01:09:12 error: 2025-07-02 01:09:12[39m
[31m2025-07-02 01:09:12 error: 2025-07-02 01:09:12[39m
[31m2025-07-02 01:09:12 error: 2025-07-02 01:09:12[39m
[31m2025-07-02 01:09:12 error: 2025-07-02 01:09:12[39m
[31m2025-07-02 01:09:12 error: 2025-07-02 01:09:12[39m
[31m2025-07-02 01:09:12 error: 2025-07-02 01:09:12[39m
[31m2025-07-02 01:09:12 error: 2025-07-02 01:09:12[39m
[31m2025-07-02 01:09:12 error: 2025-07-02 01:09:12[39m
[31m2025-07-02 01:09:12 error: 2025-07-02 01:09:12[39m
[31m2025-07-02 01:09:12 error: 2025-07-02 01:09:12[39m
[31m2025-07-02 01:09:12 error: 2025-07-02 01:09:12[39m
[31m2025-07-02 01:09:12 error: 2025-07-02 01:09:12[39m
[31m2025-07-02 01:09:12 error: è·å–åŒºå— #15201 æ•°æ®å¤±è´¥: WebSocket is not connected[39m
[31m2025-07-02 01:09:12 error: è·å–åŒºå— #15202 æ•°æ®å¤±è´¥: WebSocket is not connected[39m
[31m2025-07-02 01:09:12 error: è·å–åŒºå— #15203 æ•°æ®å¤±è´¥: WebSocket is not connected[39m
[31m2025-07-02 01:09:12 error: è·å–åŒºå— #15204 æ•°æ®å¤±è´¥: WebSocket is not connected[39m
[31m2025-07-02 01:09:12 error: è·å–åŒºå— #15205 æ•°æ®å¤±è´¥: WebSocket is not connected[39m
[31m2025-07-02 01:09:12 error: è·å–åŒºå— #15206 æ•°æ®å¤±è´¥: WebSocket is not connected[39m
[31m2025-07-02 01:09:12 error: è·å–åŒºå— #15207 æ•°æ®å¤±è´¥: WebSocket is not connected[39m
[31m2025-07-02 01:09:12 error: è·å–åŒºå— #15208 æ•°æ®å¤±è´¥: WebSocket is not connected[39m
[31m2025-07-02 01:09:12 error: è·å–åŒºå— #15209 æ•°æ®å¤±è´¥: WebSocket is not connected[39m
[31m2025-07-02 01:09:12 error: è·å–åŒºå— #15210 æ•°æ®å¤±è´¥: WebSocket is not connected[39m
[31m2025-07-02 01:09:12 error: è·å–åŒºå— #15211 æ•°æ®å¤±è´¥: WebSocket is not connected[39m
[31m2025-07-02 01:09:12 error: è·å–åŒºå— #15212 æ•°æ®å¤±è´¥: WebSocket is not connected[39m
[31m2025-07-02 01:09:12 error: è·å–åŒºå— #15213 æ•°æ®å¤±è´¥: WebSocket is not connected[39m
[31m2025-07-02 01:09:12 error: è·å–åŒºå— #15214 æ•°æ®å¤±è´¥: WebSocket is not connected[39m
[31m2025-07-02 01:09:12 error: è·å–åŒºå— #15215 æ•°æ®å¤±è´¥: WebSocket is not connected[39m
[31m2025-07-02 01:09:12 error: è·å–åŒºå— #15216 æ•°æ®å¤±è´¥: WebSocket is not connected[39m
[31m2025-07-02 01:09:12 error: è·å–åŒºå— #15217 æ•°æ®å¤±è´¥: WebSocket is not connected[39m
[31m2025-07-02 01:09:12 error: è·å–åŒºå— #15218 æ•°æ®å¤±è´¥: WebSocket is not connected[39m
[31m2025-07-02 01:09:12 error: è·å–åŒºå— #15219 æ•°æ®å¤±è´¥: WebSocket is not connected[39m
[31m2025-07-02 01:09:12 error: è·å–åŒºå— #15220 æ•°æ®å¤±è´¥: WebSocket is not connected[39m
[31m2025-07-02 01:09:12 error: è·å–åŒºå— #15221 æ•°æ®å¤±è´¥: WebSocket is not connected[39m
[31m2025-07-02 01:09:12 error: è·å–åŒºå— #15222 æ•°æ®å¤±è´¥: WebSocket is not connected[39m
[31m2025-07-02 01:09:12 error: è·å–åŒºå— #15223 æ•°æ®å¤±è´¥: WebSocket is not connected[39m
[31m2025-07-02 01:09:12 error: è·å–åŒºå— #15224 æ•°æ®å¤±è´¥: WebSocket is not connected[39m
[31m2025-07-02 01:09:12 error: è·å–åŒºå— #15225 æ•°æ®å¤±è´¥: WebSocket is not connected[39m
[31m2025-07-02 01:09:12 error: è·å–åŒºå— #15226 æ•°æ®å¤±è´¥: WebSocket is not connected[39m
[31m2025-07-02 01:09:12 error: è·å–åŒºå— #15227 æ•°æ®å¤±è´¥: WebSocket is not connected[39m
[31m2025-07-02 01:09:12 error: è·å–åŒºå— #15228 æ•°æ®å¤±è´¥: WebSocket is not connected[39m
[31m2025-07-02 01:09:12 error: è·å–åŒºå— #15229 æ•°æ®å¤±è´¥: WebSocket is not connected[39m
[31m2025-07-02 01:09:12 error: è·å–åŒºå— #15230 æ•°æ®å¤±è´¥: WebSocket is not connected[39m
[31m2025-07-02 01:09:12 error: è·å–åŒºå— #15231 æ•°æ®å¤±è´¥: WebSocket is not connected[39m
[31m2025-07-02 01:09:12 error: è·å–åŒºå— #15232 æ•°æ®å¤±è´¥: WebSocket is not connected[39m
[31m2025-07-02 01:09:12 error: è·å–åŒºå— #15233 æ•°æ®å¤±è´¥: WebSocket is not connected[39m
[31m2025-07-02 01:09:12 error: è·å–åŒºå— #15234 æ•°æ®å¤±è´¥: WebSocket is not connected[39m
[31m2025-07-02 01:09:12 error: è·å–åŒºå— #15235 æ•°æ®å¤±è´¥: WebSocket is not connected[39m
[31m2025-07-02 01:09:12 error: è·å–åŒºå— #15236 æ•°æ®å¤±è´¥: WebSocket is not connected[39m
[31m2025-07-02 01:09:12 error: è·å–åŒºå— #15237 æ•°æ®å¤±è´¥: WebSocket is not connected[39m
[31m2025-07-02 01:09:12 error: è·å–åŒºå— #15238 æ•°æ®å¤±è´¥: WebSocket is not connected[39m
[31m2025-07-02 01:09:12 error: è·å–åŒºå— #15239 æ•°æ®å¤±è´¥: WebSocket is not connected[39m
[31m2025-07-02 01:09:12 error: è·å–åŒºå— #15240 æ•°æ®å¤±è´¥: WebSocket is not connected[39m
[31m2025-07-02 01:09:12 error: è·å–åŒºå— #15241 æ•°æ®å¤±è´¥: WebSocket is not connected[39m
[31m2025-07-02 01:09:12 error: è·å–åŒºå— #15242 æ•°æ®å¤±è´¥: WebSocket is not connected[39m
[31m2025-07-02 01:09:12 error: è·å–åŒºå— #15243 æ•°æ®å¤±è´¥: WebSocket is not connected[39m
[31m2025-07-02 01:09:12 error: è·å–åŒºå— #15244 æ•°æ®å¤±è´¥: WebSocket is not connected[39m
[31m2025-07-02 01:09:12 error: è·å–åŒºå— #15245 æ•°æ®å¤±è´¥: WebSocket is not connected[39m
[31m2025-07-02 01:09:12 error: è·å–åŒºå— #15246 æ•°æ®å¤±è´¥: WebSocket is not connected[39m
[31m2025-07-02 01:09:12 error: è·å–åŒºå— #15247 æ•°æ®å¤±è´¥: WebSocket is not connected[39m
[31m2025-07-02 01:09:12 error: è·å–åŒºå— #15248 æ•°æ®å¤±è´¥: WebSocket is not connected[39m
[31m2025-07-02 01:09:12 error: è·å–åŒºå— #15249 æ•°æ®å¤±è´¥: WebSocket is not connected[39m
[31m2025-07-02 01:09:12 error: è·å–åŒºå— #15250 æ•°æ®å¤±è´¥: WebSocket is not connected[39m
[31m2025-07-02 01:09:12 error: è·å–åŒºå— #15201 å¤±è´¥: WebSocket is not connected[39m
[31m2025-07-02 01:09:12 error: è·å–åŒºå— #15202 å¤±è´¥: WebSocket is not connected[39m
[31m2025-07-02 01:09:12 error: è·å–åŒºå— #15203 å¤±è´¥: WebSocket is not connected[39m
[31m2025-07-02 01:09:12 error: è·å–åŒºå— #15204 å¤±è´¥: WebSocket is not connected[39m
[31m2025-07-02 01:09:12 error: è·å–åŒºå— #15205 å¤±è´¥: WebSocket is not connected[39m
[31m2025-07-02 01:09:12 error: è·å–åŒºå— #15206 å¤±è´¥: WebSocket is not connected[39m
[31m2025-07-02 01:09:12 error: è·å–åŒºå— #15207 å¤±è´¥: WebSocket is not connected[39m
[31m2025-07-02 01:09:12 error: è·å–åŒºå— #15208 å¤±è´¥: WebSocket is not connected[39m
[31m2025-07-02 01:09:12 error: è·å–åŒºå— #15209 å¤±è´¥: WebSocket is not connected[39m
[31m2025-07-02 01:09:12 error: è·å–åŒºå— #15210 å¤±è´¥: WebSocket is not connected[39m
[31m2025-07-02 01:09:12 error: è·å–åŒºå— #15211 å¤±è´¥: WebSocket is not connected[39m
[31m2025-07-02 01:09:12 error: è·å–åŒºå— #15212 å¤±è´¥: WebSocket is not connected[39m
[31m2025-07-02 01:09:12 error: è·å–åŒºå— #15213 å¤±è´¥: WebSocket is not connected[39m
[31m2025-07-02 01:09:12 error: è·å–åŒºå— #15214 å¤±è´¥: WebSocket is not connected[39m
[31m2025-07-02 01:09:12 error: è·å–åŒºå— #15215 å¤±è´¥: WebSocket is not connected[39m
[31m2025-07-02 01:09:12 error: è·å–åŒºå— #15216 å¤±è´¥: WebSocket is not connected[39m
[31m2025-07-02 01:09:12 error: è·å–åŒºå— #15217 å¤±è´¥: WebSocket is not connected[39m
[31m2025-07-02 01:09:12 error: è·å–åŒºå— #15218 å¤±è´¥: WebSocket is not connected[39m
[31m2025-07-02 01:09:12 error: è·å–åŒºå— #15219 å¤±è´¥: WebSocket is not connected[39m
[31m2025-07-02 01:09:12 error: è·å–åŒºå— #15220 å¤±è´¥: WebSocket is not connected[39m
[31m2025-07-02 01:09:12 error: è·å–åŒºå— #15221 å¤±è´¥: WebSocket is not connected[39m
[31m2025-07-02 01:09:12 error: è·å–åŒºå— #15222 å¤±è´¥: WebSocket is not connected[39m
[31m2025-07-02 01:09:12 error: è·å–åŒºå— #15223 å¤±è´¥: WebSocket is not connected[39m
[31m2025-07-02 01:09:12 error: è·å–åŒºå— #15224 å¤±è´¥: WebSocket is not connected[39m
[31m2025-07-02 01:09:12 error: è·å–åŒºå— #15225 å¤±è´¥: WebSocket is not connected[39m
[31m2025-07-02 01:09:12 error: è·å–åŒºå— #15226 å¤±è´¥: WebSocket is not connected[39m
[31m2025-07-02 01:09:12 error: è·å–åŒºå— #15227 å¤±è´¥: WebSocket is not connected[39m
[31m2025-07-02 01:09:12 error: è·å–åŒºå— #15228 å¤±è´¥: WebSocket is not connected[39m
[31m2025-07-02 01:09:12 error: è·å–åŒºå— #15229 å¤±è´¥: WebSocket is not connected[39m
[31m2025-07-02 01:09:12 error: è·å–åŒºå— #15230 å¤±è´¥: WebSocket is not connected[39m
[31m2025-07-02 01:09:12 error: è·å–åŒºå— #15231 å¤±è´¥: WebSocket is not connected[39m
[31m2025-07-02 01:09:12 error: è·å–åŒºå— #15232 å¤±è´¥: WebSocket is not connected[39m
[31m2025-07-02 01:09:12 error: è·å–åŒºå— #15233 å¤±è´¥: WebSocket is not connected[39m
[31m2025-07-02 01:09:12 error: è·å–åŒºå— #15234 å¤±è´¥: WebSocket is not connected[39m
[31m2025-07-02 01:09:12 error: è·å–åŒºå— #15235 å¤±è´¥: WebSocket is not connected[39m
[31m2025-07-02 01:09:12 error: è·å–åŒºå— #15236 å¤±è´¥: WebSocket is not connected[39m
[31m2025-07-02 01:09:12 error: è·å–åŒºå— #15237 å¤±è´¥: WebSocket is not connected[39m
[31m2025-07-02 01:09:12 error: è·å–åŒºå— #15238 å¤±è´¥: WebSocket is not connected[39m
[31m2025-07-02 01:09:12 error: è·å–åŒºå— #15239 å¤±è´¥: WebSocket is not connected[39m
[31m2025-07-02 01:09:12 error: è·å–åŒºå— #15240 å¤±è´¥: WebSocket is not connected[39m
[31m2025-07-02 01:09:12 error: è·å–åŒºå— #15241 å¤±è´¥: WebSocket is not connected[39m
[31m2025-07-02 01:09:12 error: è·å–åŒºå— #15242 å¤±è´¥: WebSocket is not connected[39m
[31m2025-07-02 01:09:12 error: è·å–åŒºå— #15243 å¤±è´¥: WebSocket is not connected[39m
[31m2025-07-02 01:09:12 error: è·å–åŒºå— #15244 å¤±è´¥: WebSocket is not connected[39m
[31m2025-07-02 01:09:12 error: è·å–åŒºå— #15245 å¤±è´¥: WebSocket is not connected[39m
[31m2025-07-02 01:09:12 error: è·å–åŒºå— #15246 å¤±è´¥: WebSocket is not connected[39m
[31m2025-07-02 01:09:12 error: è·å–åŒºå— #15247 å¤±è´¥: WebSocket is not connected[39m
[31m2025-07-02 01:09:12 error: è·å–åŒºå— #15248 å¤±è´¥: WebSocket is not connected[39m
[31m2025-07-02 01:09:12 error: è·å–åŒºå— #15249 å¤±è´¥: WebSocket is not connected[39m
[31m2025-07-02 01:09:12 error: è·å–åŒºå— #15250 å¤±è´¥: WebSocket is not connected[39m
